#
# There is insufficient memory for the Java Runtime Environment to continue.
# Native memory allocation (malloc) failed to allocate 143130624 bytes for committing reserved memory.
# Possible reasons:
#   The system is out of physical RAM or swap space
#   In 32 bit mode, the process size limit was hit
# Possible solutions:
#   Reduce memory load on the system
#   Increase physical memory or swap space
#   Check if swap backing store is full
#   Use 64 bit Java on a 64 bit OS
#   Decrease Java heap size (-Xmx/-Xms)
#   Decrease number of Java threads
#   Decrease Java thread stack sizes (-Xss)
#   Set larger code cache with -XX:ReservedCodeCacheSize=
# This output file may be truncated or incomplete.
#
#  Out of Memory Error (os_linux.cpp:2769), pid=17534, tid=1743289152
#
# JRE version: OpenJDK Runtime Environment (7.0_55-b14) (build 1.7.0_55-b14)
# Java VM: OpenJDK Server VM (24.51-b03 mixed mode linux-x86 )
# Failed to write core dump. Core dumps have been disabled. To enable core dumping, try "ulimit -c unlimited" before starting Java again
#

---------------  T H R E A D  ---------------

Current thread (0x67d81400):  VMThread [stack: 0x67e08000,0x67e88000] [id=17544]

Stack: [0x67e08000,0x67e88000]
VM_Operation (0xb6650a18): ParallelGCFailedAllocation, mode: safepoint, requested by thread 0xb6507c00


---------------  P R O C E S S  ---------------

Java Threads: ( => current thread )
  0x67d9bc00 JavaThread "Service Thread" daemon [_thread_blocked, id=17550, stack(0x678b0000,0x67900000)]
  0x67d9a000 JavaThread "C2 CompilerThread1" daemon [_thread_blocked, id=17549, stack(0x67900000,0x67980000)]
  0x67d98000 JavaThread "C2 CompilerThread0" daemon [_thread_blocked, id=17548, stack(0x67980000,0x67a00000)]
  0x67d96800 JavaThread "Signal Dispatcher" daemon [_thread_blocked, id=17547, stack(0x67c10000,0x67c60000)]
  0x67d85400 JavaThread "Finalizer" daemon [_thread_blocked, id=17546, stack(0x67c60000,0x67cb0000)]
  0x67d83c00 JavaThread "Reference Handler" daemon [_thread_blocked, id=17545, stack(0x67cb0000,0x67d00000)]
  0xb6507c00 JavaThread "main" [_thread_blocked, id=17539, stack(0xb6602000,0xb6652000)]

Other Threads:
=>0x67d81400 VMThread [stack: 0x67e08000,0x67e88000] [id=17544]
  0x67d9dc00 WatcherThread [stack: 0x67830000,0x678b0000] [id=17551]

VM state:at safepoint (normal execution)

VM Mutex/Monitor currently owned by a thread:  ([mutex/lock_event])
[0xb6504e78] ExpandHeap_lock - owner thread: 0x67d81400
[0xb65053c0] Threads_lock - owner thread: 0x67d81400
[0xb65057d0] Heap_lock - owner thread: 0xb6507c00

Heap
 PSYoungGen      total 249088K, used 345K [0x9de00000, 0xb3380000, 0xb3380000)
  eden space 196096K, 0% used [0x9de00000,0x9de00000,0xa9d80000)
  from space 52992K, 0% used [0xa9d80000,0xa9dd65e0,0xad140000)
  to   space 80128K, 0% used [0xae540000,0xae540000,0xb3380000)
 ParOldGen       total 322304K, used 322099K [0x73380000, 0x86e40000, 0x9de00000)
  object space 322304K, 99% used [0x73380000,0x86e0ccf0,0x86e40000)
 PSPermGen       total 16384K, used 4117K [0x6b380000, 0x6c380000, 0x73380000)
  object space 16384K, 25% used [0x6b380000,0x6b785540,0x6c380000)

Card table byte_map: [0x6b13f000,0x6b380000] byte_map_base: 0x6ade5400

Polling page: 0xb779c000

Code Cache  [0xb347d000, 0xb37fd000, 0xb647d000)
 total_blobs=1087 nmethods=968 adapters=73 free_code_cache=45908Kb largest_free_block=46682496

Compilation events (10 events):
Event: 36.539 Thread 0x67d98000 nmethod 1001 0xb3717cc8 code [0xb3717fc0, 0xb371a064]
Event: 36.561 Thread 0x67d9a000 nmethod 1000 0xb3712c08 code [0xb3712f40, 0xb37150cc]
Event: 36.741 Thread 0x67d98000 1002             com.android.dx.ssa.DomFront$DomInfo::<init> (10 bytes)
Event: 36.742 Thread 0x67d9a000 1003 %           com.android.dx.ssa.DomFront::<init> @ 35 (60 bytes)
Event: 36.742 Thread 0x67d98000 nmethod 1002 0xb3786288 code [0xb3786360, 0xb37863b0]
Event: 36.744 Thread 0x67d9a000 nmethod 1003% 0xb36db048 code [0xb36db160, 0xb36db370]
Event: 36.766 Thread 0x67d98000 1004 %           com.android.dx.ssa.SsaConverter::placePhiFunctions @ 131 (394 bytes)
Event: 36.818 Thread 0x67d98000 nmethod 1004% 0xb370eb88 code [0xb370ee80, 0xb37105a4]
Event: 36.995 Thread 0x67d9a000 1005             com.android.dx.ssa.back.FirstFitLocalCombiningAllocator::handleUnassociatedParameters (60 bytes)
Event: 37.002 Thread 0x67d9a000 nmethod 1005 0xb373d7c8 code [0xb373d960, 0xb373df50]

GC Heap History (10 events):
Event: 21.022 GC heap after
Heap after GC invocations=19 (full 4):
 PSYoungGen      total 286720K, used 7480K [0x9de00000, 0xb3380000, 0xb3380000)
  eden space 245760K, 0% used [0x9de00000,0x9de00000,0xace00000)
  from space 40960K, 18% used [0xace00000,0xad54e098,0xaf600000)
  to   space 56320K, 0% used [0xafc80000,0xafc80000,0xb3380000)
 ParOldGen       total 322304K, used 211411K [0x73380000, 0x86e40000, 0x9de00000)
  object space 322304K, 65% used [0x73380000,0x801f4ef8,0x86e40000)
 PSPermGen       total 16384K, used 4084K [0x6b380000, 0x6c380000, 0x73380000)
  object space 16384K, 24% used [0x6b380000,0x6b77d158,0x6c380000)
}
Event: 23.682 GC heap before
{Heap before GC invocations=20 (full 4):
 PSYoungGen      total 286720K, used 253240K [0x9de00000, 0xb3380000, 0xb3380000)
  eden space 245760K, 100% used [0x9de00000,0xace00000,0xace00000)
  from space 40960K, 18% used [0xace00000,0xad54e098,0xaf600000)
  to   space 56320K, 0% used [0xafc80000,0xafc80000,0xb3380000)
 ParOldGen       total 322304K, used 211411K [0x73380000, 0x86e40000, 0x9de00000)
  object space 322304K, 65% used [0x73380000,0x801f4ef8,0x86e40000)
 PSPermGen       total 16384K, used 4091K [0x6b380000, 0x6c380000, 0x73380000)
  object space 16384K, 24% used [0x6b380000,0x6b77ed78,0x6c380000)
Event: 26.074 GC heap after
Heap after GC invocations=20 (full 4):
 PSYoungGen      total 268288K, used 56316K [0x9de00000, 0xb3380000, 0xb3380000)
  eden space 211968K, 0% used [0x9de00000,0x9de00000,0xaad00000)
  from space 56320K, 99% used [0xafc80000,0xb337f0a0,0xb3380000)
  to   space 68864K, 0% used [0xaad00000,0xaad00000,0xaf040000)
 ParOldGen       total 322304K, used 221688K [0x73380000, 0x86e40000, 0x9de00000)
  object space 322304K, 68% used [0x73380000,0x80bfe0b8,0x86e40000)
 PSPermGen       total 16384K, used 4091K [0x6b380000, 0x6c380000, 0x73380000)
  object space 16384K, 24% used [0x6b380000,0x6b77ed78,0x6c380000)
}
Event: 30.064 GC heap before
{Heap before GC invocations=21 (full 4):
 PSYoungGen      total 268288K, used 268284K [0x9de00000, 0xb3380000, 0xb3380000)
  eden space 211968K, 100% used [0x9de00000,0xaad00000,0xaad00000)
  from space 56320K, 99% used [0xafc80000,0xb337f0a0,0xb3380000)
  to   space 68864K, 0% used [0xaad00000,0xaad00000,0xaf040000)
 ParOldGen       total 322304K, used 221688K [0x73380000, 0x86e40000, 0x9de00000)
  object space 322304K, 68% used [0x73380000,0x80bfe0b8,0x86e40000)
 PSPermGen       total 16384K, used 4116K [0x6b380000, 0x6c380000, 0x73380000)
  object space 16384K, 25% used [0x6b380000,0x6b7852f0,0x6c380000)
Event: 33.933 GC heap after
Heap after GC invocations=21 (full 4):
 PSYoungGen      total 280832K, used 25880K [0x9de00000, 0xb3380000, 0xb3380000)
  eden space 211968K, 0% used [0x9de00000,0x9de00000,0xaad00000)
  from space 68864K, 37% used [0xaad00000,0xac646020,0xaf040000)
  to   space 65024K, 0% used [0xaf400000,0xaf400000,0xb3380000)
 ParOldGen       total 322304K, used 246917K [0x73380000, 0x86e40000, 0x9de00000)
  object space 322304K, 76% used [0x73380000,0x824a1610,0x86e40000)
 PSPermGen       total 16384K, used 4116K [0x6b380000, 0x6c380000, 0x73380000)
  object space 16384K, 25% used [0x6b380000,0x6b7852f0,0x6c380000)
}
Event: 34.668 GC heap before
{Heap before GC invocations=22 (full 4):
 PSYoungGen      total 280832K, used 237848K [0x9de00000, 0xb3380000, 0xb3380000)
  eden space 211968K, 100% used [0x9de00000,0xaad00000,0xaad00000)
  from space 68864K, 37% used [0xaad00000,0xac646020,0xaf040000)
  to   space 65024K, 0% used [0xaf400000,0xaf400000,0xb3380000)
 ParOldGen       total 322304K, used 246917K [0x73380000, 0x86e40000, 0x9de00000)
  object space 322304K, 76% used [0x73380000,0x824a1610,0x86e40000)
 PSPermGen       total 16384K, used 4117K [0x6b380000, 0x6c380000, 0x73380000)
  object space 16384K, 25% used [0x6b380000,0x6b785420,0x6c380000)
Event: 36.376 GC heap after
Heap after GC invocations=22 (full 4):
 PSYoungGen      total 261120K, used 65010K [0x9de00000, 0xb3380000, 0xb3380000)
  eden space 196096K, 0% used [0x9de00000,0x9de00000,0xa9d80000)
  from space 65024K, 99% used [0xaf400000,0xb337c8d8,0xb3380000)
  to   space 76800K, 0% used [0xa9d80000,0xa9d80000,0xae880000)
 ParOldGen       total 322304K, used 250823K [0x73380000, 0x86e40000, 0x9de00000)
  object space 322304K, 77% used [0x73380000,0x82871f60,0x86e40000)
 PSPermGen       total 16384K, used 4117K [0x6b380000, 0x6c380000, 0x73380000)
  object space 16384K, 25% used [0x6b380000,0x6b785420,0x6c380000)
}
Event: 37.267 GC heap before
{Heap before GC invocations=23 (full 4):
 PSYoungGen      total 261120K, used 261106K [0x9de00000, 0xb3380000, 0xb3380000)
  eden space 196096K, 100% used [0x9de00000,0xa9d80000,0xa9d80000)
  from space 65024K, 99% used [0xaf400000,0xb337c8d8,0xb3380000)
  to   space 76800K, 0% used [0xa9d80000,0xa9d80000,0xae880000)
 ParOldGen       total 322304K, used 250823K [0x73380000, 0x86e40000, 0x9de00000)
  object space 322304K, 77% used [0x73380000,0x82871f60,0x86e40000)
 PSPermGen       total 16384K, used 4117K [0x6b380000, 0x6c380000, 0x73380000)
  object space 16384K, 25% used [0x6b380000,0x6b785590,0x6c380000)
Event: 44.286 GC heap after
Heap after GC invocations=23 (full 4):
 PSYoungGen      total 249088K, used 52863K [0x9de00000, 0xb3380000, 0xb3380000)
  eden space 196096K, 0% used [0x9de00000,0x9de00000,0xa9d80000)
  from space 52992K, 99% used [0xa9d80000,0xad11fdc8,0xad140000)
  to   space 80128K, 0% used [0xae540000,0xae540000,0xb3380000)
 ParOldGen       total 322304K, used 321331K [0x73380000, 0x86e40000, 0x9de00000)
  object space 322304K, 99% used [0x73380000,0x86d4cd88,0x86e40000)
 PSPermGen       total 16384K, used 4117K [0x6b380000, 0x6c380000, 0x73380000)
  object space 16384K, 25% used [0x6b380000,0x6b785590,0x6c380000)
}
Event: 44.286 GC heap before
{Heap before GC invocations=24 (full 5):
 PSYoungGen      total 249088K, used 52863K [0x9de00000, 0xb3380000, 0xb3380000)
  eden space 196096K, 0% used [0x9de00000,0x9de00000,0xa9d80000)
  from space 52992K, 99% used [0xa9d80000,0xad11fdc8,0xad140000)
  to   space 80128K, 0% used [0xae540000,0xae540000,0xb3380000)
 ParOldGen       total 322304K, used 321331K [0x73380000, 0x86e40000, 0x9de00000)
  object space 322304K, 99% used [0x73380000,0x86d4cd88,0x86e40000)
 PSPermGen       total 16384K, used 4117K [0x6b380000, 0x6c380000, 0x73380000)
  object space 16384K, 25% used [0x6b380000,0x6b785590,0x6c380000)

Deoptimization events (10 events):
Event: 29.114 Thread 0xb6507c00 Uncommon trap: reason=class_check action=maybe_recompile pc=0xb351fe64 method=com.android.dx.util.BitIntSet.merge(Lcom/android/dx/util/IntSet;)V @ 1
Event: 29.120 Thread 0xb6507c00 Uncommon trap: reason=class_check action=maybe_recompile pc=0xb35ca490 method=com.android.dx.ssa.back.InterferenceGraph.mergeInterferenceSet(ILcom/android/dx/util/IntSet;)V @ 20
Event: 29.120 Thread 0xb6507c00 Uncommon trap: reason=class_check action=maybe_recompile pc=0xb351fe64 method=com.android.dx.util.BitIntSet.merge(Lcom/android/dx/util/IntSet;)V @ 1
Event: 29.120 Thread 0xb6507c00 Uncommon trap: reason=class_check action=maybe_recompile pc=0xb36495b4 method=com.android.dx.ssa.back.InterferenceGraph.mergeInterferenceSet(ILcom/android/dx/util/IntSet;)V @ 20
Event: 29.120 Thread 0xb6507c00 Uncommon trap: reason=class_check action=maybe_recompile pc=0xb3662f08 method=com.android.dx.ssa.back.InterferenceGraph.mergeInterferenceSet(ILcom/android/dx/util/IntSet;)V @ 20
Event: 29.567 Thread 0xb6507c00 Uncommon trap: reason=class_check action=maybe_recompile pc=0xb350ac1c method=com.android.dx.ssa.SsaConverter.placePhiFunctions(Lcom/android/dx/ssa/SsaMethod;Lcom/android/dx/ssa/LocalVariableInfo;I)V @ 257
Event: 29.681 Thread 0xb6507c00 Uncommon trap: reason=predicate action=maybe_recompile pc=0xb34e13fc method=com.android.dx.ssa.back.InterferenceGraph.<init>(I)V @ 23
Event: 29.724 Thread 0xb6507c00 Uncommon trap: reason=class_check action=maybe_recompile pc=0xb35fc4b0 method=com.android.dx.ssa.back.InterferenceGraph.mergeInterferenceSet(ILcom/android/dx/util/IntSet;)V @ 20
Event: 34.002 Thread 0xb6507c00 Uncommon trap: reason=class_check action=maybe_recompile pc=0xb350ac1c method=com.android.dx.ssa.SsaConverter.placePhiFunctions(Lcom/android/dx/ssa/SsaMethod;Lcom/android/dx/ssa/LocalVariableInfo;I)V @ 257
Event: 34.535 Thread 0xb6507c00 Uncommon trap: reason=class_check action=maybe_recompile pc=0xb350ac1c method=com.android.dx.ssa.SsaConverter.placePhiFunctions(Lcom/android/dx/ssa/SsaMethod;Lcom/android/dx/ssa/LocalVariableInfo;I)V @ 257

Internal exceptions (10 events):
Event: 5.750 Thread 0xb6507c00 Threw 0xa2677888 at /build/buildd/openjdk-7-7u55-2.4.7/build/openjdk/hotspot/src/share/vm/prims/jvm.cpp:1244
Event: 5.751 Thread 0xb6507c00 Threw 0xa267a9a0 at /build/buildd/openjdk-7-7u55-2.4.7/build/openjdk/hotspot/src/share/vm/prims/jvm.cpp:1244
Event: 5.755 Thread 0xb6507c00 Threw 0xa2731440 at /build/buildd/openjdk-7-7u55-2.4.7/build/openjdk/hotspot/src/share/vm/prims/jvm.cpp:1244
Event: 5.755 Thread 0xb6507c00 Threw 0xa2737718 at /build/buildd/openjdk-7-7u55-2.4.7/build/openjdk/hotspot/src/share/vm/prims/jvm.cpp:1244
Event: 5.755 Thread 0xb6507c00 Threw 0xa273d780 at /build/buildd/openjdk-7-7u55-2.4.7/build/openjdk/hotspot/src/share/vm/prims/jvm.cpp:1244
Event: 6.121 Thread 0xb6507c00 Threw 0xa50cdb40 at /build/buildd/openjdk-7-7u55-2.4.7/build/openjdk/hotspot/src/share/vm/prims/jvm.cpp:1244
Event: 12.184 Thread 0xb6507c00 Threw 0xa24738a8 at /build/buildd/openjdk-7-7u55-2.4.7/build/openjdk/hotspot/src/share/vm/prims/jvm.cpp:1244
Event: 13.012 Thread 0xb6507c00 Threw 0xa9ad94f8 at /build/buildd/openjdk-7-7u55-2.4.7/build/openjdk/hotspot/src/share/vm/prims/jvm.cpp:1244
Event: 26.345 Thread 0xb6507c00 Threw 0x9fa465c8 at /build/buildd/openjdk-7-7u55-2.4.7/build/openjdk/hotspot/src/share/vm/prims/jvm.cpp:1244
Event: 28.946 Thread 0xb6507c00 Threw 0x9fb109a0 at /build/buildd/openjdk-7-7u55-2.4.7/build/openjdk/hotspot/src/share/vm/prims/jvm.cpp:1244

Events (10 events):
Event: 34.002 Thread 0xb6507c00 DEOPT PACKING pc=0xb350ac1c sp=0xb6650b10
Event: 34.002 Thread 0xb6507c00 DEOPT UNPACKING pc=0xb34a9bbc sp=0xb6650b0c mode 2
Event: 34.535 Thread 0xb6507c00 Uncommon trap: trap_request=0xffffffde fr.pc=0xb350ac1c
Event: 34.535 Thread 0xb6507c00 DEOPT PACKING pc=0xb350ac1c sp=0xb6650b10
Event: 34.535 Thread 0xb6507c00 DEOPT UNPACKING pc=0xb34a9bbc sp=0xb6650b0c mode 2
Event: 34.668 Executing VM operation: ParallelGCFailedAllocation
Event: 36.376 Executing VM operation: ParallelGCFailedAllocation done
Event: 36.742 Thread 0x67d98000 flushing nmethod 0xb35b04c8
Event: 36.742 Thread 0x67d98000 flushing nmethod 0xb35b5f48
Event: 37.267 Executing VM operation: ParallelGCFailedAllocation


Dynamic libraries:
08048000-08049000 r-xp 00000000 08:01 20319511   /usr/lib/jvm/java-7-openjdk-i386/jre/bin/java
08049000-0804a000 r--p 00000000 08:01 20319511   /usr/lib/jvm/java-7-openjdk-i386/jre/bin/java
0804a000-0804b000 rw-p 00001000 08:01 20319511   /usr/lib/jvm/java-7-openjdk-i386/jre/bin/java
09477000-09513000 rw-p 00000000 00:00 0          [heap]
65300000-65322000 rw-p 00000000 00:00 0 
65322000-65400000 ---p 00000000 00:00 0 
65500000-655e6000 rw-p 00000000 00:00 0 
655e6000-65600000 ---p 00000000 00:00 0 
65700000-657fd000 rw-p 00000000 00:00 0 
657fd000-65800000 ---p 00000000 00:00 0 
65800000-658e5000 rw-p 00000000 00:00 0 
658e5000-65900000 ---p 00000000 00:00 0 
65900000-65a00000 rw-p 00000000 00:00 0 
65b00000-65bfd000 rw-p 00000000 00:00 0 
65bfd000-65c00000 ---p 00000000 00:00 0 
65d00000-65dff000 rw-p 00000000 00:00 0 
65dff000-65e00000 ---p 00000000 00:00 0 
65f00000-65fff000 rw-p 00000000 00:00 0 
65fff000-66000000 ---p 00000000 00:00 0 
66100000-661f3000 rw-p 00000000 00:00 0 
661f3000-66200000 ---p 00000000 00:00 0 
66300000-663e1000 rw-p 00000000 00:00 0 
663e1000-66400000 ---p 00000000 00:00 0 
66400000-664ff000 rw-p 00000000 00:00 0 
664ff000-66500000 ---p 00000000 00:00 0 
66500000-665fa000 rw-p 00000000 00:00 0 
665fa000-66600000 ---p 00000000 00:00 0 
66700000-667ff000 rw-p 00000000 00:00 0 
667ff000-66800000 ---p 00000000 00:00 0 
66900000-669eb000 rw-p 00000000 00:00 0 
669eb000-66a00000 ---p 00000000 00:00 0 
66a00000-66b00000 rw-p 00000000 00:00 0 
66b00000-66bf9000 rw-p 00000000 00:00 0 
66bf9000-66c00000 ---p 00000000 00:00 0 
66c00000-66d00000 rw-p 00000000 00:00 0 
66d00000-66df3000 rw-p 00000000 00:00 0 
66df3000-66e00000 ---p 00000000 00:00 0 
66e00000-66efb000 rw-p 00000000 00:00 0 
66efb000-66f00000 ---p 00000000 00:00 0 
66f00000-66ffb000 rw-p 00000000 00:00 0 
66ffb000-67000000 ---p 00000000 00:00 0 
67100000-671fe000 rw-p 00000000 00:00 0 
671fe000-67200000 ---p 00000000 00:00 0 
672a4000-67313000 r-xp 00000000 08:01 12068211   /lib/i386-linux-gnu/libpcre.so.3.13.1
67313000-67314000 r--p 0006f000 08:01 12068211   /lib/i386-linux-gnu/libpcre.so.3.13.1
67314000-67315000 rw-p 00070000 08:01 12068211   /lib/i386-linux-gnu/libpcre.so.3.13.1
67315000-67328000 r-xp 00000000 08:01 12068236   /lib/i386-linux-gnu/libresolv-2.19.so
67328000-6732a000 r--p 00012000 08:01 12068236   /lib/i386-linux-gnu/libresolv-2.19.so
6732a000-6732b000 rw-p 00014000 08:01 12068236   /lib/i386-linux-gnu/libresolv-2.19.so
6732b000-6732d000 rw-p 00000000 00:00 0 
6732d000-6734d000 r-xp 00000000 08:01 12059699   /lib/i386-linux-gnu/libselinux.so.1
6734d000-6734e000 r--p 0001f000 08:01 12059699   /lib/i386-linux-gnu/libselinux.so.1
6734e000-6734f000 rw-p 00020000 08:01 12059699   /lib/i386-linux-gnu/libselinux.so.1
6734f000-67451000 r-xp 00000000 08:01 12059603   /lib/i386-linux-gnu/libglib-2.0.so.0.3800.0
67451000-67452000 r--p 00101000 08:01 12059603   /lib/i386-linux-gnu/libglib-2.0.so.0.3800.0
67452000-67453000 rw-p 00102000 08:01 12059603   /lib/i386-linux-gnu/libglib-2.0.so.0.3800.0
67453000-674a3000 r-xp 00000000 08:01 20191190   /usr/lib/i386-linux-gnu/libgobject-2.0.so.0.3800.0
674a3000-674a4000 r--p 0004f000 08:01 20191190   /usr/lib/i386-linux-gnu/libgobject-2.0.so.0.3800.0
674a4000-674a5000 rw-p 00050000 08:01 20191190   /usr/lib/i386-linux-gnu/libgobject-2.0.so.0.3800.0
674a5000-67611000 r-xp 00000000 08:01 20191150   /usr/lib/i386-linux-gnu/libgio-2.0.so.0.3800.0
67611000-67612000 ---p 0016c000 08:01 20191150   /usr/lib/i386-linux-gnu/libgio-2.0.so.0.3800.0
67612000-67614000 r--p 0016c000 08:01 20191150   /usr/lib/i386-linux-gnu/libgio-2.0.so.0.3800.0
67614000-67615000 rw-p 0016e000 08:01 20191150   /usr/lib/i386-linux-gnu/libgio-2.0.so.0.3800.0
67615000-67616000 rw-p 00000000 00:00 0 
67616000-67700000 r--s 00a42000 08:01 12724947   /home/sandeep/neha/studio_workspace/alignd/app/build/intermediates/multi-dex/debug/allclasses.jar
67700000-67800000 rw-p 00000000 00:00 0 
67817000-6782e000 r-xp 00000000 08:01 20325003   /usr/lib/jvm/java-7-openjdk-i386/jre/lib/i386/libnet.so
6782e000-6782f000 r--p 00016000 08:01 20325003   /usr/lib/jvm/java-7-openjdk-i386/jre/lib/i386/libnet.so
6782f000-67830000 rw-p 00017000 08:01 20325003   /usr/lib/jvm/java-7-openjdk-i386/jre/lib/i386/libnet.so
67830000-67831000 ---p 00000000 00:00 0 
67831000-678b0000 rw-p 00000000 00:00 0          [stack:17551]
678b0000-678b3000 ---p 00000000 00:00 0 
678b3000-67900000 rw-p 00000000 00:00 0          [stack:17550]
67900000-67903000 ---p 00000000 00:00 0 
67903000-67980000 rw-p 00000000 00:00 0          [stack:17549]
67980000-67983000 ---p 00000000 00:00 0 
67983000-67a00000 rw-p 00000000 00:00 0          [stack:17548]
67a00000-67a21000 rw-p 00000000 00:00 0 
67a21000-67b00000 ---p 00000000 00:00 0 
67b00000-67bfc000 rw-p 00000000 00:00 0 
67bfc000-67c00000 ---p 00000000 00:00 0 
67c10000-67c13000 ---p 00000000 00:00 0 
67c13000-67c60000 rw-p 00000000 00:00 0          [stack:17547]
67c60000-67c63000 ---p 00000000 00:00 0 
67c63000-67cb0000 rw-p 00000000 00:00 0          [stack:17546]
67cb0000-67cb3000 ---p 00000000 00:00 0 
67cb3000-67d00000 rw-p 00000000 00:00 0          [stack:17545]
67d00000-67dff000 rw-p 00000000 00:00 0 
67dff000-67e00000 ---p 00000000 00:00 0 
67e08000-67e09000 ---p 00000000 00:00 0 
67e09000-67ed1000 rw-p 00000000 00:00 0          [stack:17544]
67ed1000-68080000 r--s 01cfb000 08:01 20325015   /usr/lib/jvm/java-7-openjdk-i386/jre/lib/rt.jar
68080000-6a900000 rw-p 00000000 00:00 0 
6a900000-6a9ec000 rw-p 00000000 00:00 0 
6a9ec000-6aa00000 ---p 00000000 00:00 0 
6aa00000-6aa21000 rw-p 00000000 00:00 0 
6aa21000-6ab00000 ---p 00000000 00:00 0 
6ab0b000-6ab10000 r-xp 00000000 08:01 20191023   /usr/lib/i386-linux-gnu/libffi.so.6.0.1
6ab10000-6ab11000 r--p 00005000 08:01 20191023   /usr/lib/i386-linux-gnu/libffi.so.6.0.1
6ab11000-6ab12000 rw-p 00006000 08:01 20191023   /usr/lib/i386-linux-gnu/libffi.so.6.0.1
6ab12000-6ab23000 r-xp 00000000 08:01 20325004   /usr/lib/jvm/java-7-openjdk-i386/jre/lib/i386/libnio.so
6ab23000-6ab24000 r--p 00010000 08:01 20325004   /usr/lib/jvm/java-7-openjdk-i386/jre/lib/i386/libnio.so
6ab24000-6ab25000 rw-p 00011000 08:01 20325004   /usr/lib/jvm/java-7-openjdk-i386/jre/lib/i386/libnio.so
6ab25000-6ab80000 rw-p 00000000 00:00 0 
6ab80000-6ab81000 ---p 00000000 00:00 0 
6ab81000-6ac00000 rw-p 00000000 00:00 0          [stack:17543]
6ac00000-6ac21000 rw-p 00000000 00:00 0 
6ac21000-6ad00000 ---p 00000000 00:00 0 
6ad00000-6ad01000 ---p 00000000 00:00 0 
6ad01000-6ad80000 rw-p 00000000 00:00 0          [stack:17542]
6ad80000-6ad81000 ---p 00000000 00:00 0 
6ad81000-6ae00000 rw-p 00000000 00:00 0          [stack:17541]
6ae00000-6ae21000 rw-p 00000000 00:00 0 
6ae21000-6af00000 ---p 00000000 00:00 0 
6af29000-6af2a000 ---p 00000000 00:00 0 
6af2a000-6afb1000 rw-p 00000000 00:00 0          [stack:17540]
6afb1000-6afe9000 rw-p 00000000 00:00 0 
6afe9000-6b087000 rw-p 00000000 00:00 0 
6b087000-6b13f000 rw-p 00000000 00:00 0 
6b13f000-6b147000 rw-p 00000000 00:00 0 
6b147000-6b17f000 rw-p 00000000 00:00 0 
6b17f000-6b21d000 rw-p 00000000 00:00 0 
6b21d000-6b2d4000 rw-p 00000000 00:00 0 
6b2d4000-6b37f000 rw-p 00000000 00:00 0 
6b37f000-6c380000 rw-p 00000000 00:00 0 
6c380000-73380000 rw-p 00000000 00:00 0 
73380000-86e40000 rw-p 00000000 00:00 0 
8f6c0000-9de00000 rw-p 00000000 00:00 0 
9de00000-b3380000 rw-p 00000000 00:00 0 
b3384000-b3387000 r-xp 00000000 08:01 20191164   /usr/lib/i386-linux-gnu/libgmodule-2.0.so.0.3800.0
b3387000-b3388000 r--p 00002000 08:01 20191164   /usr/lib/i386-linux-gnu/libgmodule-2.0.so.0.3800.0
b3388000-b3389000 rw-p 00003000 08:01 20191164   /usr/lib/i386-linux-gnu/libgmodule-2.0.so.0.3800.0
b3389000-b3398000 r--s 000dd000 08:01 13897618   /home/sandeep/Documents/Android_complete_development_set/sanjay_sdk/sdk/build-tools/22.0.1/lib/dx.jar
b3398000-b339c000 r--s 0003b000 08:01 20324924   /usr/lib/jvm/java-7-openjdk-i386/jre/lib/ext/sunpkcs11.jar
b339c000-b33a0000 r--s 00085000 08:01 20324920   /usr/lib/jvm/java-7-openjdk-i386/jre/lib/ext/localedata.jar
b33a0000-b33a2000 r--s 00012000 08:01 20324931   /usr/lib/jvm/java-7-openjdk-i386/jre/lib/ext/zipfs.jar
b33a2000-b33cb000 rw-p 00000000 00:00 0 
b33cb000-b347d000 rw-p 00000000 00:00 0 
b347d000-b37fd000 rwxp 00000000 00:00 0 
b37fd000-b647d000 rw-p 00000000 00:00 0 
b647d000-b6488000 r-xp 00000000 08:01 12068230   /lib/i386-linux-gnu/libnss_files-2.19.so
b6488000-b6489000 r--p 0000a000 08:01 12068230   /lib/i386-linux-gnu/libnss_files-2.19.so
b6489000-b648a000 rw-p 0000b000 08:01 12068230   /lib/i386-linux-gnu/libnss_files-2.19.so
b648a000-b6494000 r-xp 00000000 08:01 12068233   /lib/i386-linux-gnu/libnss_nis-2.19.so
b6494000-b6495000 r--p 00009000 08:01 12068233   /lib/i386-linux-gnu/libnss_nis-2.19.so
b6495000-b6496000 rw-p 0000a000 08:01 12068233   /lib/i386-linux-gnu/libnss_nis-2.19.so
b6496000-b64ab000 r-xp 00000000 08:01 12068227   /lib/i386-linux-gnu/libnsl-2.19.so
b64ab000-b64ac000 r--p 00015000 08:01 12068227   /lib/i386-linux-gnu/libnsl-2.19.so
b64ac000-b64ad000 rw-p 00016000 08:01 12068227   /lib/i386-linux-gnu/libnsl-2.19.so
b64ad000-b64af000 rw-p 00000000 00:00 0 
b64af000-b64b6000 r-xp 00000000 08:01 12068228   /lib/i386-linux-gnu/libnss_compat-2.19.so
b64b6000-b64b7000 r--p 00006000 08:01 12068228   /lib/i386-linux-gnu/libnss_compat-2.19.so
b64b7000-b64b8000 rw-p 00007000 08:01 12068228   /lib/i386-linux-gnu/libnss_compat-2.19.so
b64b9000-b64bc000 r--s 0000f000 08:01 20324933   /usr/lib/jvm/java-7-openjdk-i386/jre/lib/ext/pulse-java.jar
b64bc000-b64c4000 r-xp 00000000 08:01 20324983   /usr/lib/jvm/java-7-openjdk-i386/jre/lib/i386/libzip.so
b64c4000-b64c5000 r--p 00007000 08:01 20324983   /usr/lib/jvm/java-7-openjdk-i386/jre/lib/i386/libzip.so
b64c5000-b64c6000 rw-p 00008000 08:01 20324983   /usr/lib/jvm/java-7-openjdk-i386/jre/lib/i386/libzip.so
b64c6000-b64ce000 rw-s 00000000 08:01 14578554   /tmp/hsperfdata_sandeep/17534
b64ce000-b64f5000 r-xp 00000000 08:01 20324996   /usr/lib/jvm/java-7-openjdk-i386/jre/lib/i386/libjava.so
b64f5000-b64f6000 r--p 00026000 08:01 20324996   /usr/lib/jvm/java-7-openjdk-i386/jre/lib/i386/libjava.so
b64f6000-b64f7000 rw-p 00027000 08:01 20324996   /usr/lib/jvm/java-7-openjdk-i386/jre/lib/i386/libjava.so
b64f7000-b64fe000 r-xp 00000000 08:01 12068237   /lib/i386-linux-gnu/librt-2.19.so
b64fe000-b64ff000 r--p 00006000 08:01 12068237   /lib/i386-linux-gnu/librt-2.19.so
b64ff000-b6500000 rw-p 00007000 08:01 12068237   /lib/i386-linux-gnu/librt-2.19.so
b6500000-b65ff000 rw-p 00000000 00:00 0 
b65ff000-b6600000 ---p 00000000 00:00 0 
b6600000-b6602000 r--s 00006000 08:01 20712499   /usr/share/java/java-atk-wrapper.jar
b6602000-b6605000 ---p 00000000 00:00 0 
b6605000-b6652000 rw-p 00000000 00:00 0          [stack:17539]
b6652000-b666e000 r-xp 00000000 08:01 12062895   /lib/i386-linux-gnu/libgcc_s.so.1
b666e000-b666f000 rw-p 0001b000 08:01 12062895   /lib/i386-linux-gnu/libgcc_s.so.1
b666f000-b66b2000 r-xp 00000000 08:01 12068225   /lib/i386-linux-gnu/libm-2.19.so
b66b2000-b66b3000 r--p 00042000 08:01 12068225   /lib/i386-linux-gnu/libm-2.19.so
b66b3000-b66b4000 rw-p 00043000 08:01 12068225   /lib/i386-linux-gnu/libm-2.19.so
b66b4000-b6791000 r-xp 00000000 08:01 20191663   /usr/lib/i386-linux-gnu/libstdc++.so.6.0.18
b6791000-b6795000 r--p 000dc000 08:01 20191663   /usr/lib/i386-linux-gnu/libstdc++.so.6.0.18
b6795000-b6796000 rw-p 000e0000 08:01 20191663   /usr/lib/i386-linux-gnu/libstdc++.so.6.0.18
b6796000-b679d000 rw-p 00000000 00:00 0 
b679d000-b7167000 r-xp 00000000 08:01 20325010   /usr/lib/jvm/java-7-openjdk-i386/jre/lib/i386/server/libjvm.so
b7167000-b7168000 ---p 009ca000 08:01 20325010   /usr/lib/jvm/java-7-openjdk-i386/jre/lib/i386/server/libjvm.so
b7168000-b71b9000 r--p 009ca000 08:01 20325010   /usr/lib/jvm/java-7-openjdk-i386/jre/lib/i386/server/libjvm.so
b71b9000-b71cd000 rw-p 00a1b000 08:01 20325010   /usr/lib/jvm/java-7-openjdk-i386/jre/lib/i386/server/libjvm.so
b71cd000-b75eb000 rw-p 00000000 00:00 0 
b75eb000-b7603000 r-xp 00000000 08:01 12059732   /lib/i386-linux-gnu/libz.so.1.2.8
b7603000-b7604000 r--p 00017000 08:01 12059732   /lib/i386-linux-gnu/libz.so.1.2.8
b7604000-b7605000 rw-p 00018000 08:01 12059732   /lib/i386-linux-gnu/libz.so.1.2.8
b7605000-b761c000 r-xp 00000000 08:01 12068217   /lib/i386-linux-gnu/libpthread-2.19.so
b761c000-b761d000 r--p 00017000 08:01 12068217   /lib/i386-linux-gnu/libpthread-2.19.so
b761d000-b761e000 rw-p 00018000 08:01 12068217   /lib/i386-linux-gnu/libpthread-2.19.so
b761e000-b7620000 rw-p 00000000 00:00 0 
b7620000-b7623000 r-xp 00000000 08:01 12068224   /lib/i386-linux-gnu/libdl-2.19.so
b7623000-b7624000 r--p 00002000 08:01 12068224   /lib/i386-linux-gnu/libdl-2.19.so
b7624000-b7625000 rw-p 00003000 08:01 12068224   /lib/i386-linux-gnu/libdl-2.19.so
b7625000-b7790000 r-xp 00000000 08:01 12068221   /lib/i386-linux-gnu/libc-2.19.so
b7790000-b7792000 r--p 0016b000 08:01 12068221   /lib/i386-linux-gnu/libc-2.19.so
b7792000-b7793000 rw-p 0016d000 08:01 12068221   /lib/i386-linux-gnu/libc-2.19.so
b7793000-b7797000 rw-p 00000000 00:00 0 
b7797000-b7798000 r--s 00002000 08:01 20324929   /usr/lib/jvm/java-7-openjdk-i386/jre/lib/ext/dnsns.jar
b7798000-b779b000 r--s 00032000 08:01 20324927   /usr/lib/jvm/java-7-openjdk-i386/jre/lib/ext/sunjce_provider.jar
b779b000-b779c000 rw-p 00000000 00:00 0 
b779c000-b779d000 ---p 00000000 00:00 0 
b779d000-b77ab000 r-xp 00000000 08:01 20325013   /usr/lib/jvm/java-7-openjdk-i386/jre/lib/i386/libverify.so
b77ab000-b77ac000 r--p 0000d000 08:01 20325013   /usr/lib/jvm/java-7-openjdk-i386/jre/lib/i386/libverify.so
b77ac000-b77ad000 rw-p 0000e000 08:01 20325013   /usr/lib/jvm/java-7-openjdk-i386/jre/lib/i386/libverify.so
b77ad000-b77b9000 r-xp 00000000 08:01 20324980   /usr/lib/jvm/java-7-openjdk-i386/jre/lib/i386/jli/libjli.so
b77b9000-b77ba000 r--p 0000c000 08:01 20324980   /usr/lib/jvm/java-7-openjdk-i386/jre/lib/i386/jli/libjli.so
b77ba000-b77bb000 rw-p 0000d000 08:01 20324980   /usr/lib/jvm/java-7-openjdk-i386/jre/lib/i386/jli/libjli.so
b77bb000-b77bd000 rw-p 00000000 00:00 0 
b77bd000-b77be000 r-xp 00000000 00:00 0          [vdso]
b77be000-b77dd000 r-xp 00000000 08:01 12068218   /lib/i386-linux-gnu/ld-2.19.so
b77dd000-b77de000 r--p 0001f000 08:01 12068218   /lib/i386-linux-gnu/ld-2.19.so
b77de000-b77df000 rw-p 00020000 08:01 12068218   /lib/i386-linux-gnu/ld-2.19.so
bff5f000-bff80000 rw-p 00000000 00:00 0          [stack]

VM Arguments:
jvm_args: -Xmx1024M -Dfile.encoding=US-ASCII -Duser.country=US -Duser.language=en -Duser.variant 
java_command: com.android.dx.command.Main --dex --multi-dex --main-dex-list /home/sandeep/neha/studio_workspace/alignd/app/build/intermediates/multi-dex/debug/maindexlist.txt --output /home/sandeep/neha/studio_workspace/alignd/app/build/intermediates/dex/debug /home/sandeep/neha/studio_workspace/alignd/app/build/intermediates/multi-dex/debug/allclasses.jar
Launcher Type: SUN_STANDARD

Environment Variables:
PATH=/usr/local/sbin:/usr/local/bin:/usr/sbin:/usr/bin:/sbin:/bin:/usr/games:/usr/local/games
USERNAME=sandeep
LD_LIBRARY_PATH=/home/sandeep/neha/androidStudio/android-studio (2)/bin:
SHELL=/bin/bash
DISPLAY=:0.0

Signal Handlers:
SIGSEGV: [libjvm.so+0x7ecf40], sa_mask[0]=0x7ffbfeff, sa_flags=0x10000004
SIGBUS: [libjvm.so+0x7ecf40], sa_mask[0]=0x7ffbfeff, sa_flags=0x10000004
SIGFPE: [libjvm.so+0x66abf0], sa_mask[0]=0x7ffbfeff, sa_flags=0x10000004
SIGPIPE: [libjvm.so+0x66abf0], sa_mask[0]=0x7ffbfeff, sa_flags=0x10000004
SIGXFSZ: [libjvm.so+0x66abf0], sa_mask[0]=0x7ffbfeff, sa_flags=0x10000004
SIGILL: [libjvm.so+0x66abf0], sa_mask[0]=0x7ffbfeff, sa_flags=0x10000004
SIGUSR1: SIG_DFL, sa_mask[0]=0x00000000, sa_flags=0x00000000
SIGUSR2: [libjvm.so+0x66aa80], sa_mask[0]=0x00000004, sa_flags=0x10000004
SIGHUP: [libjvm.so+0x66acb0], sa_mask[0]=0x7ffbfeff, sa_flags=0x10000004
SIGINT: [libjvm.so+0x66acb0], sa_mask[0]=0x7ffbfeff, sa_flags=0x10000004
SIGTERM: [libjvm.so+0x66acb0], sa_mask[0]=0x7ffbfeff, sa_flags=0x10000004
SIGQUIT: [libjvm.so+0x66acb0], sa_mask[0]=0x7ffbfeff, sa_flags=0x10000004


---------------  S Y S T E M  ---------------

OS:LinuxMint 16 (petra)
uname:Linux 3.11.0-12-generic #19-Ubuntu SMP Wed Oct 9 16:12:00 UTC 2013 i686
libc:glibc 2.19 NPTL 2.19 
rlimit: STACK 8192k, CORE 0k, NPROC 30707, NOFILE 4096, AS infinity
load average:6.46 3.24 2.51

/proc/meminfo:
MemTotal:        3956328 kB
MemFree:          167240 kB
Buffers:            4040 kB
Cached:           267672 kB
SwapCached:        21020 kB
Active:          2711052 kB
Inactive:         975364 kB
Active(anon):    2692060 kB
Inactive(anon):   908748 kB
Active(file):      18992 kB
Inactive(file):    66616 kB
Unevictable:         368 kB
Mlocked:             368 kB
HighTotal:       3100104 kB
HighFree:          17276 kB
LowTotal:         856224 kB
LowFree:          149964 kB
SwapTotal:       1980412 kB
SwapFree:          73716 kB
Dirty:               268 kB
Writeback:          7180 kB
AnonPages:       3395480 kB
Mapped:            47412 kB
Shmem:            186112 kB
Slab:              51356 kB
SReclaimable:      28056 kB
SUnreclaim:        23300 kB
KernelStack:        6144 kB
PageTables:        25436 kB
NFS_Unstable:          0 kB
Bounce:              816 kB
WritebackTmp:          0 kB
CommitLimit:     3958576 kB
Committed_AS:    9854188 kB
VmallocTotal:     122880 kB
VmallocUsed:       14732 kB
VmallocChunk:     106756 kB
HardwareCorrupted:     0 kB
AnonHugePages:         0 kB
HugePages_Total:       0
HugePages_Free:        0
HugePages_Rsvd:        0
HugePages_Surp:        0
Hugepagesize:       2048 kB
DirectMap4k:       12280 kB
DirectMap2M:      901120 kB


CPU:total 4 (2 cores per cpu, 2 threads per core) family 6 model 37 stepping 5, cmov, cx8, fxsr, mmx, sse, sse2, sse3, ssse3, sse4.1, sse4.2, popcnt, ht, tsc, tscinvbit

/proc/cpuinfo:
processor	: 0
vendor_id	: GenuineIntel
cpu family	: 6
model		: 37
model name	: Intel(R) Core(TM) i3 CPU         540  @ 3.07GHz
stepping	: 5
microcode	: 0x2
cpu MHz		: 2667.000
cache size	: 4096 KB
physical id	: 0
siblings	: 4
core id		: 0
cpu cores	: 2
apicid		: 0
initial apicid	: 0
fdiv_bug	: no
f00f_bug	: no
coma_bug	: no
fpu		: yes
fpu_exception	: yes
cpuid level	: 11
wp		: yes
flags		: fpu vme de pse tsc msr pae mce cx8 apic sep mtrr pge mca cmov pat pse36 clflush dts acpi mmx fxsr sse sse2 ss ht tm pbe nx rdtscp lm constant_tsc arch_perfmon pebs bts xtopology nonstop_tsc aperfmperf pni dtes64 monitor ds_cpl vmx est tm2 ssse3 cx16 xtpr pdcm pcid sse4_1 sse4_2 popcnt lahf_lm arat dtherm tpr_shadow vnmi flexpriority ept vpid
bogomips	: 6132.89
clflush size	: 64
cache_alignment	: 64
address sizes	: 36 bits physical, 48 bits virtual
power management:

processor	: 1
vendor_id	: GenuineIntel
cpu family	: 6
model		: 37
model name	: Intel(R) Core(TM) i3 CPU         540  @ 3.07GHz
stepping	: 5
microcode	: 0x2
cpu MHz		: 1200.000
cache size	: 4096 KB
physical id	: 0
siblings	: 4
core id		: 2
cpu cores	: 2
apicid		: 4
initial apicid	: 4
fdiv_bug	: no
f00f_bug	: no
coma_bug	: no
fpu		: yes
fpu_exception	: yes
cpuid level	: 11
wp		: yes
flags		: fpu vme de pse tsc msr pae mce cx8 apic sep mtrr pge mca cmov pat pse36 clflush dts acpi mmx fxsr sse sse2 ss ht tm pbe nx rdtscp lm constant_tsc arch_perfmon pebs bts xtopology nonstop_tsc aperfmperf pni dtes64 monitor ds_cpl vmx est tm2 ssse3 cx16 xtpr pdcm pcid sse4_1 sse4_2 popcnt lahf_lm arat dtherm tpr_shadow vnmi flexpriority ept vpid
bogomips	: 6132.89
clflush size	: 64
cache_alignment	: 64
address sizes	: 36 bits physical, 48 bits virtual
power management:

processor	: 2
vendor_id	: GenuineIntel
cpu family	: 6
model		: 37
model name	: Intel(R) Core(TM) i3 CPU         540  @ 3.07GHz
stepping	: 5
microcode	: 0x2
cpu MHz		: 3067.000
cache size	: 4096 KB
physical id	: 0
siblings	: 4
core id		: 0
cpu cores	: 2
apicid		: 1
initial apicid	: 1
fdiv_bug	: no
f00f_bug	: no
coma_bug	: no
fpu		: yes
fpu_exception	: yes
cpuid level	: 11
wp		: yes
flags		: fpu vme de pse tsc msr pae mce cx8 apic sep mtrr pge mca cmov pat pse36 clflush dts acpi mmx fxsr sse sse2 ss ht tm pbe nx rdtscp lm constant_tsc arch_perfmon pebs bts xtopology nonstop_tsc aperfmperf pni dtes64 monitor ds_cpl vmx est tm2 ssse3 cx16 xtpr pdcm pcid sse4_1 sse4_2 popcnt lahf_lm arat dtherm tpr_shadow vnmi flexpriority ept vpid
bogomips	: 6132.89
clflush size	: 64
cache_alignment	: 64
address sizes	: 36 bits physical, 48 bits virtual
power management:

processor	: 3
vendor_id	: GenuineIntel
cpu family	: 6
model		: 37
model name	: Intel(R) Core(TM) i3 CPU         540  @ 3.07GHz
stepping	: 5
microcode	: 0x2
cpu MHz		: 1200.000
cache size	: 4096 KB
physical id	: 0
siblings	: 4
core id		: 2
cpu cores	: 2
apicid		: 5
initial apicid	: 5
fdiv_bug	: no
f00f_bug	: no
coma_bug	: no
fpu		: yes
fpu_exception	: yes
cpuid level	: 11
wp		: yes
flags		: fpu vme de pse tsc msr pae mce cx8 apic sep mtrr pge mca cmov pat pse36 clflush dts acpi mmx fxsr sse sse2 ss ht tm pbe nx rdtscp lm constant_tsc arch_perfmon pebs bts xtopology nonstop_tsc aperfmperf pni dtes64 monitor ds_cpl vmx est tm2 ssse3 cx16 xtpr pdcm pcid sse4_1 sse4_2 popcnt lahf_lm arat dtherm tpr_shadow vnmi flexpriority ept vpid
bogomips	: 6132.89
clflush size	: 64
cache_alignment	: 64
address sizes	: 36 bits physical, 48 bits virtual
power management:



Memory: 4k page, physical 3956328k(167240k free), swap 1980412k(73716k free)

vm_info: OpenJDK Server VM (24.51-b03) for linux-x86 JRE (1.7.0_55-b14), built on Apr 17 2014 21:15:58 by "buildd" with gcc 4.8.1

time: Thu Jan  7 16:58:37 2016
elapsed time: 48 seconds

