#
# There is insufficient memory for the Java Runtime Environment to continue.
# Native memory allocation (malloc) failed to allocate 108003328 bytes for committing reserved memory.
# Possible reasons:
#   The system is out of physical RAM or swap space
#   In 32 bit mode, the process size limit was hit
# Possible solutions:
#   Reduce memory load on the system
#   Increase physical memory or swap space
#   Check if swap backing store is full
#   Use 64 bit Java on a 64 bit OS
#   Decrease Java heap size (-Xmx/-Xms)
#   Decrease number of Java threads
#   Decrease Java thread stack sizes (-Xss)
#   Set larger code cache with -XX:ReservedCodeCacheSize=
# This output file may be truncated or incomplete.
#
#  Out of Memory Error (os_linux.cpp:2769), pid=17379, tid=1743289152
#
# JRE version: OpenJDK Runtime Environment (7.0_55-b14) (build 1.7.0_55-b14)
# Java VM: OpenJDK Server VM (24.51-b03 mixed mode linux-x86 )
# Failed to write core dump. Core dumps have been disabled. To enable core dumping, try "ulimit -c unlimited" before starting Java again
#

---------------  T H R E A D  ---------------

Current thread (0x67d81400):  VMThread [stack: 0x67e08000,0x67e88000] [id=17389]

Stack: [0x67e08000,0x67e88000]
VM_Operation (0xb6635a28): ParallelGCFailedAllocation, mode: safepoint, requested by thread 0xb6407c00


---------------  P R O C E S S  ---------------

Java Threads: ( => current thread )
  0x67d9bc00 JavaThread "Service Thread" daemon [_thread_blocked, id=17395, stack(0x678b0000,0x67900000)]
  0x67d9a000 JavaThread "C2 CompilerThread1" daemon [_thread_blocked, id=17394, stack(0x67900000,0x67980000)]
  0x67d98000 JavaThread "C2 CompilerThread0" daemon [_thread_blocked, id=17393, stack(0x67980000,0x67a00000)]
  0x67d96800 JavaThread "Signal Dispatcher" daemon [_thread_blocked, id=17392, stack(0x67c10000,0x67c60000)]
  0x67d85400 JavaThread "Finalizer" daemon [_thread_blocked, id=17391, stack(0x67c60000,0x67cb0000)]
  0x67d83c00 JavaThread "Reference Handler" daemon [_thread_blocked, id=17390, stack(0x67cb0000,0x67d00000)]
  0xb6407c00 JavaThread "main" [_thread_blocked, id=17383, stack(0xb65e7000,0xb6637000)]

Other Threads:
=>0x67d81400 VMThread [stack: 0x67e08000,0x67e88000] [id=17389]
  0x67d9dc00 WatcherThread [stack: 0x67830000,0x678b0000] [id=17396]

VM state:at safepoint (normal execution)

VM Mutex/Monitor currently owned by a thread:  ([mutex/lock_event])
[0xb6404e78] ExpandHeap_lock - owner thread: 0x67d81400
[0xb64053c0] Threads_lock - owner thread: 0x67d81400
[0xb64057d0] Heap_lock - owner thread: 0xb6407c00

Heap
 PSYoungGen      total 275712K, used 24700K [0x9ddc0000, 0xb3340000, 0xb3340000)
  eden space 239616K, 0% used [0x9ddc0000,0x9ddc0000,0xac7c0000)
  from space 36096K, 68% used [0xac7c0000,0xadfdf3f8,0xaeb00000)
  to   space 55808K, 0% used [0xafcc0000,0xafcc0000,0xb3340000)
 ParOldGen       total 429824K, used 429708K [0x73340000, 0x8d700000, 0x9ddc0000)
  object space 429824K, 99% used [0x73340000,0x8d6e31f0,0x8d700000)
 PSPermGen       total 16384K, used 4132K [0x6b340000, 0x6c340000, 0x73340000)
  object space 16384K, 25% used [0x6b340000,0x6b7490c0,0x6c340000)

Card table byte_map: [0x6b0ff000,0x6b340000] byte_map_base: 0x6ada5600

Polling page: 0xb7781000

Code Cache  [0xb3400000, 0xb37b0000, 0xb6400000)
 total_blobs=1195 nmethods=1076 adapters=73 free_code_cache=45580Kb largest_free_block=46472768

Compilation events (10 events):
Event: 73.754 Thread 0x67d98000 1115 %           com.android.dx.cf.direct.ClassPathOpener::processArchive @ 75 (214 bytes)
Event: 73.755 Thread 0x67d9a000 nmethod 1114 0xb3728e48 code [0xb3728f40, 0xb3728f9c]
Event: 73.755 Thread 0x67d9a000 1116             com.android.dx.rop.code.RegisterSpec::withLocalItem (41 bytes)
Event: 73.757 Thread 0x67d9a000 nmethod 1116 0xb368bdc8 code [0xb368bee0, 0xb368c1dc]
Event: 73.758 Thread 0x67d9a000 1117             com.android.dx.cf.direct.MemberListParser::<init> (74 bytes)
Event: 73.758 Thread 0x67d9a000 nmethod 1117 0xb3728b08 code [0xb3728c00, 0xb3728cd0]
Event: 73.759 Thread 0x67d9a000 1118             com.android.dx.cf.direct.MemberListParser::setObserver (6 bytes)
Event: 73.759 Thread 0x67d9a000 nmethod 1118 0xb368c6c8 code [0xb368c7a0, 0xb368c7f0]
Event: 73.759 Thread 0x67d9a000 1119             com.android.dx.cf.direct.MemberListParser::getEndOffset (9 bytes)
Event: 73.759 Thread 0x67d9a000 nmethod 1119 0xb368bbc8 code [0xb368bcc0, 0xb368bd3c]

GC Heap History (10 events):
Event: 67.951 GC heap after
Heap after GC invocations=27 (full 5):
 PSYoungGen      total 297216K, used 30435K [0x9ddc0000, 0xb3200000, 0xb3340000)
  eden space 249088K, 0% used [0x9ddc0000,0x9ddc0000,0xad100000)
  from space 48128K, 63% used [0xb0300000,0xb20b8e58,0xb3200000)
  to   space 49664K, 0% used [0xad100000,0xad100000,0xb0180000)
 ParOldGen       total 346112K, used 321285K [0x73340000, 0x88540000, 0x9ddc0000)
  object space 346112K, 92% used [0x73340000,0x86d01620,0x88540000)
 PSPermGen       total 16384K, used 4123K [0x6b340000, 0x6c340000, 0x73340000)
  object space 16384K, 25% used [0x6b340000,0x6b746cb8,0x6c340000)
}
Event: 67.951 GC heap before
{Heap before GC invocations=28 (full 6):
 PSYoungGen      total 297216K, used 30435K [0x9ddc0000, 0xb3200000, 0xb3340000)
  eden space 249088K, 0% used [0x9ddc0000,0x9ddc0000,0xad100000)
  from space 48128K, 63% used [0xb0300000,0xb20b8e58,0xb3200000)
  to   space 49664K, 0% used [0xad100000,0xad100000,0xb0180000)
 ParOldGen       total 346112K, used 321285K [0x73340000, 0x88540000, 0x9ddc0000)
  object space 346112K, 92% used [0x73340000,0x86d01620,0x88540000)
 PSPermGen       total 16384K, used 4123K [0x6b340000, 0x6c340000, 0x73340000)
  object space 16384K, 25% used [0x6b340000,0x6b746cb8,0x6c340000)
Event: 69.722 GC heap after
Heap after GC invocations=28 (full 6):
 PSYoungGen      total 297216K, used 947K [0x9ddc0000, 0xb3200000, 0xb3340000)
  eden space 249088K, 0% used [0x9ddc0000,0x9ddc0000,0xad100000)
  from space 48128K, 1% used [0xb0300000,0xb03ece70,0xb3200000)
  to   space 49664K, 0% used [0xad100000,0xad100000,0xb0180000)
 ParOldGen       total 429824K, used 346019K [0x73340000, 0x8d700000, 0x9ddc0000)
  object space 429824K, 80% used [0x73340000,0x88528c18,0x8d700000)
 PSPermGen       total 16384K, used 4123K [0x6b340000, 0x6c340000, 0x73340000)
  object space 16384K, 25% used [0x6b340000,0x6b746cb8,0x6c340000)
}
Event: 70.430 GC heap before
{Heap before GC invocations=29 (full 6):
 PSYoungGen      total 297216K, used 250035K [0x9ddc0000, 0xb3200000, 0xb3340000)
  eden space 249088K, 100% used [0x9ddc0000,0xad100000,0xad100000)
  from space 48128K, 1% used [0xb0300000,0xb03ece70,0xb3200000)
  to   space 49664K, 0% used [0xad100000,0xad100000,0xb0180000)
 ParOldGen       total 429824K, used 346019K [0x73340000, 0x8d700000, 0x9ddc0000)
  object space 429824K, 80% used [0x73340000,0x88528c18,0x8d700000)
 PSPermGen       total 16384K, used 4126K [0x6b340000, 0x6c340000, 0x73340000)
  object space 16384K, 25% used [0x6b340000,0x6b7478d0,0x6c340000)
Event: 70.558 GC heap after
Heap after GC invocations=29 (full 6):
 PSYoungGen      total 287232K, used 37915K [0x9ddc0000, 0xb3340000, 0xb3340000)
  eden space 249088K, 0% used [0x9ddc0000,0x9ddc0000,0xad100000)
  from space 38144K, 99% used [0xad100000,0xaf606cc0,0xaf640000)
  to   space 52480K, 0% used [0xb0000000,0xb0000000,0xb3340000)
 ParOldGen       total 429824K, used 346187K [0x73340000, 0x8d700000, 0x9ddc0000)
  object space 429824K, 80% used [0x73340000,0x88552c18,0x8d700000)
 PSPermGen       total 16384K, used 4126K [0x6b340000, 0x6c340000, 0x73340000)
  object space 16384K, 25% used [0x6b340000,0x6b7478d0,0x6c340000)
}
Event: 71.267 GC heap before
{Heap before GC invocations=30 (full 6):
 PSYoungGen      total 287232K, used 287003K [0x9ddc0000, 0xb3340000, 0xb3340000)
  eden space 249088K, 100% used [0x9ddc0000,0xad100000,0xad100000)
  from space 38144K, 99% used [0xad100000,0xaf606cc0,0xaf640000)
  to   space 52480K, 0% used [0xb0000000,0xb0000000,0xb3340000)
 ParOldGen       total 429824K, used 346187K [0x73340000, 0x8d700000, 0x9ddc0000)
  object space 429824K, 80% used [0x73340000,0x88552c18,0x8d700000)
 PSPermGen       total 16384K, used 4128K [0x6b340000, 0x6c340000, 0x73340000)
  object space 16384K, 25% used [0x6b340000,0x6b748010,0x6c340000)
Event: 72.426 GC heap after
Heap after GC invocations=30 (full 6):
 PSYoungGen      total 292096K, used 39112K [0x9ddc0000, 0xb3340000, 0xb3340000)
  eden space 239616K, 0% used [0x9ddc0000,0x9ddc0000,0xac7c0000)
  from space 52480K, 74% used [0xb0000000,0xb2632010,0xb3340000)
  to   space 55040K, 0% used [0xac7c0000,0xac7c0000,0xafd80000)
 ParOldGen       total 429824K, used 382834K [0x73340000, 0x8d700000, 0x9ddc0000)
  object space 429824K, 89% used [0x73340000,0x8a91c990,0x8d700000)
 PSPermGen       total 16384K, used 4128K [0x6b340000, 0x6c340000, 0x73340000)
  object space 16384K, 25% used [0x6b340000,0x6b748010,0x6c340000)
}
Event: 73.833 GC heap before
{Heap before GC invocations=31 (full 6):
 PSYoungGen      total 292096K, used 278728K [0x9ddc0000, 0xb3340000, 0xb3340000)
  eden space 239616K, 100% used [0x9ddc0000,0xac7c0000,0xac7c0000)
  from space 52480K, 74% used [0xb0000000,0xb2632010,0xb3340000)
  to   space 55040K, 0% used [0xac7c0000,0xac7c0000,0xafd80000)
 ParOldGen       total 429824K, used 382834K [0x73340000, 0x8d700000, 0x9ddc0000)
  object space 429824K, 89% used [0x73340000,0x8a91c990,0x8d700000)
 PSPermGen       total 16384K, used 4132K [0x6b340000, 0x6c340000, 0x73340000)
  object space 16384K, 25% used [0x6b340000,0x6b7490f0,0x6c340000)
Event: 74.450 GC heap after
Heap after GC invocations=31 (full 6):
 PSYoungGen      total 275712K, used 35983K [0x9ddc0000, 0xb3340000, 0xb3340000)
  eden space 239616K, 0% used [0x9ddc0000,0x9ddc0000,0xac7c0000)
  from space 36096K, 99% used [0xac7c0000,0xaeae3f50,0xaeb00000)
  to   space 55808K, 0% used [0xafcc0000,0xafcc0000,0xb3340000)
 ParOldGen       total 429824K, used 420183K [0x73340000, 0x8d700000, 0x9ddc0000)
  object space 429824K, 97% used [0x73340000,0x8cd95ef8,0x8d700000)
 PSPermGen       total 16384K, used 4132K [0x6b340000, 0x6c340000, 0x73340000)
  object space 16384K, 25% used [0x6b340000,0x6b7490f0,0x6c340000)
}
Event: 74.450 GC heap before
{Heap before GC invocations=32 (full 7):
 PSYoungGen      total 275712K, used 35983K [0x9ddc0000, 0xb3340000, 0xb3340000)
  eden space 239616K, 0% used [0x9ddc0000,0x9ddc0000,0xac7c0000)
  from space 36096K, 99% used [0xac7c0000,0xaeae3f50,0xaeb00000)
  to   space 55808K, 0% used [0xafcc0000,0xafcc0000,0xb3340000)
 ParOldGen       total 429824K, used 420183K [0x73340000, 0x8d700000, 0x9ddc0000)
  object space 429824K, 97% used [0x73340000,0x8cd95ef8,0x8d700000)
 PSPermGen       total 16384K, used 4132K [0x6b340000, 0x6c340000, 0x73340000)
  object space 16384K, 25% used [0x6b340000,0x6b7490f0,0x6c340000)

Deoptimization events (10 events):
Event: 66.917 Thread 0xb6407c00 Uncommon trap: reason=bimorphic action=maybe_recompile pc=0xb3772d10 method=com.android.dx.cf.code.BytecodeArray.parseInstruction(ILcom/android/dx/cf/code/BytecodeArray$Visitor;)I @ 1417
Event: 66.917 Thread 0xb6407c00 Uncommon trap: reason=bimorphic action=maybe_recompile pc=0xb3772d10 method=com.android.dx.cf.code.BytecodeArray.parseInstruction(ILcom/android/dx/cf/code/BytecodeArray$Visitor;)I @ 1417
Event: 67.060 Thread 0xb6407c00 Uncommon trap: reason=class_check action=maybe_recompile pc=0xb370d568 method=com.android.dx.ssa.SCCP.replaceConstants()V @ 182
Event: 70.156 Thread 0xb6407c00 Uncommon trap: reason=class_check action=maybe_recompile pc=0xb3503240 method=com.android.dx.ssa.DomFront.calcDomFronts()V @ 101
Event: 70.159 Thread 0xb6407c00 Uncommon trap: reason=predicate action=maybe_recompile pc=0xb35fa9fc method=com.android.dx.ssa.SsaConverter.placePhiFunctions(Lcom/android/dx/ssa/SsaMethod;Lcom/android/dx/ssa/LocalVariableInfo;I)V @ 274
Event: 70.159 Thread 0xb6407c00 Uncommon trap: reason=predicate action=maybe_recompile pc=0xb3682614 method=com.android.dx.ssa.SsaConverter.placePhiFunctions(Lcom/android/dx/ssa/SsaMethod;Lcom/android/dx/ssa/LocalVariableInfo;I)V @ 274
Event: 71.050 Thread 0xb6407c00 Uncommon trap: reason=class_check action=maybe_recompile pc=0xb370d568 method=com.android.dx.ssa.SCCP.replaceConstants()V @ 182
Event: 72.780 Thread 0xb6407c00 Uncommon trap: reason=unreached action=reinterpret pc=0xb35513d4 method=com.android.dx.dex.code.OutputFinisher.hasLocalInfo(Lcom/android/dx/rop/code/RegisterSpec;)Z @ 1
Event: 72.793 Thread 0xb6407c00 Uncommon trap: reason=bimorphic action=maybe_recompile pc=0xb36ada74 method=com.android.dx.cf.code.BytecodeArray.parseInstruction(ILcom/android/dx/cf/code/BytecodeArray$Visitor;)I @ 1327
Event: 72.793 Thread 0xb6407c00 Uncommon trap: reason=bimorphic action=maybe_recompile pc=0xb36ada74 method=com.android.dx.cf.code.BytecodeArray.parseInstruction(ILcom/android/dx/cf/code/BytecodeArray$Visitor;)I @ 1327

Internal exceptions (10 events):
Event: 10.771 Thread 0xb6407c00 Threw 0xa26c0228 at /build/buildd/openjdk-7-7u55-2.4.7/build/openjdk/hotspot/src/share/vm/prims/jvm.cpp:1244
Event: 10.818 Thread 0xb6407c00 Threw 0xa2775f48 at /build/buildd/openjdk-7-7u55-2.4.7/build/openjdk/hotspot/src/share/vm/prims/jvm.cpp:1244
Event: 10.911 Thread 0xb6407c00 Threw 0xa277c220 at /build/buildd/openjdk-7-7u55-2.4.7/build/openjdk/hotspot/src/share/vm/prims/jvm.cpp:1244
Event: 10.954 Thread 0xb6407c00 Threw 0xa2782288 at /build/buildd/openjdk-7-7u55-2.4.7/build/openjdk/hotspot/src/share/vm/prims/jvm.cpp:1244
Event: 11.742 Thread 0xb6407c00 Threw 0xa50fe368 at /build/buildd/openjdk-7-7u55-2.4.7/build/openjdk/hotspot/src/share/vm/prims/jvm.cpp:1244
Event: 39.486 Thread 0xb6407c00 Threw 0xa31d8db0 at /build/buildd/openjdk-7-7u55-2.4.7/build/openjdk/hotspot/src/share/vm/prims/jvm.cpp:1244
Event: 42.718 Thread 0xb6407c00 Threw 0x9ed6b1f8 at /build/buildd/openjdk-7-7u55-2.4.7/build/openjdk/hotspot/src/share/vm/prims/jvm.cpp:1244
Event: 57.261 Thread 0xb6407c00 Threw 0xa143ba10 at /build/buildd/openjdk-7-7u55-2.4.7/build/openjdk/hotspot/src/share/vm/prims/jvm.cpp:1244
Event: 57.416 Thread 0xb6407c00 Threw 0xa1505de8 at /build/buildd/openjdk-7-7u55-2.4.7/build/openjdk/hotspot/src/share/vm/prims/jvm.cpp:1244
Event: 72.780 Thread 0xb6407c00 Implicit null exception at 0xb355138b to 0xb35513c5

Events (10 events):
Event: 72.780 Thread 0xb6407c00 DEOPT PACKING pc=0xb35513d4 sp=0xb6635a70
Event: 72.780 Thread 0xb6407c00 DEOPT UNPACKING pc=0xb342cbbc sp=0xb6635a50 mode 2
Event: 72.793 Thread 0xb6407c00 Uncommon trap: trap_request=0xffffffc6 fr.pc=0xb36ada74
Event: 72.793 Thread 0xb6407c00 DEOPT PACKING pc=0xb36ada74 sp=0xb66359b0
Event: 72.793 Thread 0xb6407c00 DEOPT UNPACKING pc=0xb342cbbc sp=0xb66359c4 mode 2
Event: 72.793 Thread 0xb6407c00 Uncommon trap: trap_request=0xffffffc6 fr.pc=0xb36ada74
Event: 72.793 Thread 0xb6407c00 DEOPT PACKING pc=0xb36ada74 sp=0xb66359b0
Event: 72.793 Thread 0xb6407c00 DEOPT UNPACKING pc=0xb342cbbc sp=0xb66359c4 mode 2
Event: 73.757 Thread 0x67d9a000 flushing nmethod 0xb3467388
Event: 73.833 Executing VM operation: ParallelGCFailedAllocation


Dynamic libraries:
08048000-08049000 r-xp 00000000 08:01 20319511   /usr/lib/jvm/java-7-openjdk-i386/jre/bin/java
08049000-0804a000 r--p 00000000 08:01 20319511   /usr/lib/jvm/java-7-openjdk-i386/jre/bin/java
0804a000-0804b000 rw-p 00001000 08:01 20319511   /usr/lib/jvm/java-7-openjdk-i386/jre/bin/java
092e9000-09388000 rw-p 00000000 00:00 0          [heap]
64b00000-64b55000 rw-p 00000000 00:00 0 
64b55000-64c00000 ---p 00000000 00:00 0 
64f00000-64fc8000 rw-p 00000000 00:00 0 
64fc8000-65000000 ---p 00000000 00:00 0 
65100000-651eb000 rw-p 00000000 00:00 0 
651eb000-65200000 ---p 00000000 00:00 0 
65300000-653a3000 rw-p 00000000 00:00 0 
653a3000-65400000 ---p 00000000 00:00 0 
65500000-655ae000 rw-p 00000000 00:00 0 
655ae000-65600000 ---p 00000000 00:00 0 
65600000-656f9000 rw-p 00000000 00:00 0 
656f9000-65700000 ---p 00000000 00:00 0 
65700000-657fc000 rw-p 00000000 00:00 0 
657fc000-65800000 ---p 00000000 00:00 0 
65900000-65a00000 rw-p 00000000 00:00 0 
65b00000-65c00000 rw-p 00000000 00:00 0 
65d00000-65df3000 rw-p 00000000 00:00 0 
65df3000-65e00000 ---p 00000000 00:00 0 
65e00000-65ee1000 rw-p 00000000 00:00 0 
65ee1000-65f00000 ---p 00000000 00:00 0 
65f00000-66000000 rw-p 00000000 00:00 0 
66000000-660f3000 rw-p 00000000 00:00 0 
660f3000-66100000 ---p 00000000 00:00 0 
66100000-661e6000 rw-p 00000000 00:00 0 
661e6000-66200000 ---p 00000000 00:00 0 
66200000-662f1000 rw-p 00000000 00:00 0 
662f1000-66300000 ---p 00000000 00:00 0 
66300000-663fd000 rw-p 00000000 00:00 0 
663fd000-66400000 ---p 00000000 00:00 0 
66400000-664f9000 rw-p 00000000 00:00 0 
664f9000-66500000 ---p 00000000 00:00 0 
66500000-66600000 rw-p 00000000 00:00 0 
66700000-667ff000 rw-p 00000000 00:00 0 
667ff000-66800000 ---p 00000000 00:00 0 
66800000-668fe000 rw-p 00000000 00:00 0 
668fe000-66900000 ---p 00000000 00:00 0 
66900000-669fa000 rw-p 00000000 00:00 0 
669fa000-66a00000 ---p 00000000 00:00 0 
66b00000-66be7000 rw-p 00000000 00:00 0 
66be7000-66c00000 ---p 00000000 00:00 0 
66c00000-66cff000 rw-p 00000000 00:00 0 
66cff000-66d00000 ---p 00000000 00:00 0 
66d00000-66df9000 rw-p 00000000 00:00 0 
66df9000-66e00000 ---p 00000000 00:00 0 
66e00000-66ef9000 rw-p 00000000 00:00 0 
66ef9000-66f00000 ---p 00000000 00:00 0 
66f00000-66ffd000 rw-p 00000000 00:00 0 
66ffd000-67000000 ---p 00000000 00:00 0 
67100000-671fb000 rw-p 00000000 00:00 0 
671fb000-67200000 ---p 00000000 00:00 0 
672a4000-67313000 r-xp 00000000 08:01 12068211   /lib/i386-linux-gnu/libpcre.so.3.13.1
67313000-67314000 r--p 0006f000 08:01 12068211   /lib/i386-linux-gnu/libpcre.so.3.13.1
67314000-67315000 rw-p 00070000 08:01 12068211   /lib/i386-linux-gnu/libpcre.so.3.13.1
67315000-67328000 r-xp 00000000 08:01 12068236   /lib/i386-linux-gnu/libresolv-2.19.so
67328000-6732a000 r--p 00012000 08:01 12068236   /lib/i386-linux-gnu/libresolv-2.19.so
6732a000-6732b000 rw-p 00014000 08:01 12068236   /lib/i386-linux-gnu/libresolv-2.19.so
6732b000-6732d000 rw-p 00000000 00:00 0 
6732d000-6734d000 r-xp 00000000 08:01 12059699   /lib/i386-linux-gnu/libselinux.so.1
6734d000-6734e000 r--p 0001f000 08:01 12059699   /lib/i386-linux-gnu/libselinux.so.1
6734e000-6734f000 rw-p 00020000 08:01 12059699   /lib/i386-linux-gnu/libselinux.so.1
6734f000-67451000 r-xp 00000000 08:01 12059603   /lib/i386-linux-gnu/libglib-2.0.so.0.3800.0
67451000-67452000 r--p 00101000 08:01 12059603   /lib/i386-linux-gnu/libglib-2.0.so.0.3800.0
67452000-67453000 rw-p 00102000 08:01 12059603   /lib/i386-linux-gnu/libglib-2.0.so.0.3800.0
67453000-674a3000 r-xp 00000000 08:01 20191190   /usr/lib/i386-linux-gnu/libgobject-2.0.so.0.3800.0
674a3000-674a4000 r--p 0004f000 08:01 20191190   /usr/lib/i386-linux-gnu/libgobject-2.0.so.0.3800.0
674a4000-674a5000 rw-p 00050000 08:01 20191190   /usr/lib/i386-linux-gnu/libgobject-2.0.so.0.3800.0
674a5000-67611000 r-xp 00000000 08:01 20191150   /usr/lib/i386-linux-gnu/libgio-2.0.so.0.3800.0
67611000-67612000 ---p 0016c000 08:01 20191150   /usr/lib/i386-linux-gnu/libgio-2.0.so.0.3800.0
67612000-67614000 r--p 0016c000 08:01 20191150   /usr/lib/i386-linux-gnu/libgio-2.0.so.0.3800.0
67614000-67615000 rw-p 0016e000 08:01 20191150   /usr/lib/i386-linux-gnu/libgio-2.0.so.0.3800.0
67615000-67616000 rw-p 00000000 00:00 0 
67616000-67700000 r--s 00a42000 08:01 12724947   /home/sandeep/neha/studio_workspace/alignd/app/build/intermediates/multi-dex/debug/allclasses.jar
67700000-67800000 rw-p 00000000 00:00 0 
67817000-6782e000 r-xp 00000000 08:01 20325003   /usr/lib/jvm/java-7-openjdk-i386/jre/lib/i386/libnet.so
6782e000-6782f000 r--p 00016000 08:01 20325003   /usr/lib/jvm/java-7-openjdk-i386/jre/lib/i386/libnet.so
6782f000-67830000 rw-p 00017000 08:01 20325003   /usr/lib/jvm/java-7-openjdk-i386/jre/lib/i386/libnet.so
67830000-67831000 ---p 00000000 00:00 0 
67831000-678b0000 rw-p 00000000 00:00 0          [stack:17396]
678b0000-678b3000 ---p 00000000 00:00 0 
678b3000-67900000 rw-p 00000000 00:00 0          [stack:17395]
67900000-67903000 ---p 00000000 00:00 0 
67903000-67980000 rw-p 00000000 00:00 0          [stack:17394]
67980000-67983000 ---p 00000000 00:00 0 
67983000-67a00000 rw-p 00000000 00:00 0          [stack:17393]
67a00000-67a21000 rw-p 00000000 00:00 0 
67a21000-67b00000 ---p 00000000 00:00 0 
67b00000-67bfd000 rw-p 00000000 00:00 0 
67bfd000-67c00000 ---p 00000000 00:00 0 
67c09000-67c0e000 r-xp 00000000 08:01 20191023   /usr/lib/i386-linux-gnu/libffi.so.6.0.1
67c0e000-67c0f000 r--p 00005000 08:01 20191023   /usr/lib/i386-linux-gnu/libffi.so.6.0.1
67c0f000-67c10000 rw-p 00006000 08:01 20191023   /usr/lib/i386-linux-gnu/libffi.so.6.0.1
67c10000-67c13000 ---p 00000000 00:00 0 
67c13000-67c60000 rw-p 00000000 00:00 0          [stack:17392]
67c60000-67c63000 ---p 00000000 00:00 0 
67c63000-67cb0000 rw-p 00000000 00:00 0          [stack:17391]
67cb0000-67cb3000 ---p 00000000 00:00 0 
67cb3000-67d00000 rw-p 00000000 00:00 0          [stack:17390]
67d00000-67df9000 rw-p 00000000 00:00 0 
67df9000-67e00000 ---p 00000000 00:00 0 
67e03000-67e06000 r-xp 00000000 08:01 20191164   /usr/lib/i386-linux-gnu/libgmodule-2.0.so.0.3800.0
67e06000-67e07000 r--p 00002000 08:01 20191164   /usr/lib/i386-linux-gnu/libgmodule-2.0.so.0.3800.0
67e07000-67e08000 rw-p 00003000 08:01 20191164   /usr/lib/i386-linux-gnu/libgmodule-2.0.so.0.3800.0
67e08000-67e09000 ---p 00000000 00:00 0 
67e09000-67ed1000 rw-p 00000000 00:00 0          [stack:17389]
67ed1000-68080000 r--s 01cfb000 08:01 20325015   /usr/lib/jvm/java-7-openjdk-i386/jre/lib/rt.jar
68080000-6a900000 rw-p 00000000 00:00 0 
6a900000-6a9fe000 rw-p 00000000 00:00 0 
6a9fe000-6aa00000 ---p 00000000 00:00 0 
6aa00000-6aa27000 rw-p 00000000 00:00 0 
6aa27000-6ab00000 ---p 00000000 00:00 0 
6ab25000-6ab80000 rw-p 00000000 00:00 0 
6ab80000-6ab81000 ---p 00000000 00:00 0 
6ab81000-6ac00000 rw-p 00000000 00:00 0          [stack:17388]
6ac00000-6ac21000 rw-p 00000000 00:00 0 
6ac21000-6ad00000 ---p 00000000 00:00 0 
6ad00000-6ad01000 ---p 00000000 00:00 0 
6ad01000-6ad80000 rw-p 00000000 00:00 0          [stack:17387]
6ad80000-6ad81000 ---p 00000000 00:00 0 
6ad81000-6ae00000 rw-p 00000000 00:00 0          [stack:17386]
6ae00000-6ae33000 rw-p 00000000 00:00 0 
6ae33000-6af00000 ---p 00000000 00:00 0 
6af03000-6af14000 r-xp 00000000 08:01 20325004   /usr/lib/jvm/java-7-openjdk-i386/jre/lib/i386/libnio.so
6af14000-6af15000 r--p 00010000 08:01 20325004   /usr/lib/jvm/java-7-openjdk-i386/jre/lib/i386/libnio.so
6af15000-6af16000 rw-p 00011000 08:01 20325004   /usr/lib/jvm/java-7-openjdk-i386/jre/lib/i386/libnio.so
6af16000-6af25000 r--s 000dd000 08:01 13897618   /home/sandeep/Documents/Android_complete_development_set/sanjay_sdk/sdk/build-tools/22.0.1/lib/dx.jar
6af25000-6af29000 r--s 0003b000 08:01 20324924   /usr/lib/jvm/java-7-openjdk-i386/jre/lib/ext/sunpkcs11.jar
6af29000-6af2a000 ---p 00000000 00:00 0 
6af2a000-6b07b000 rw-p 00000000 00:00 0          [stack:17385]
6b07b000-6b0ff000 rw-p 00000000 00:00 0 
6b0ff000-6b107000 rw-p 00000000 00:00 0 
6b107000-6b13f000 rw-p 00000000 00:00 0 
6b13f000-6b211000 rw-p 00000000 00:00 0 
6b211000-6b294000 rw-p 00000000 00:00 0 
6b294000-6b33f000 rw-p 00000000 00:00 0 
6b33f000-6c340000 rw-p 00000000 00:00 0 
6c340000-73340000 rw-p 00000000 00:00 0 
73340000-8d700000 rw-p 00000000 00:00 0 
93e00000-9ddc0000 rw-p 00000000 00:00 0 
9ddc0000-b3340000 rw-p 00000000 00:00 0 
b3340000-b334f000 rw-p 00000000 00:00 0 
b334f000-b3400000 rw-p 00000000 00:00 0 
b3400000-b37b0000 rwxp 00000000 00:00 0 
b37b0000-b64ff000 rw-p 00000000 00:00 0 
b64ff000-b6500000 ---p 00000000 00:00 0 
b6502000-b6506000 r--s 00085000 08:01 20324920   /usr/lib/jvm/java-7-openjdk-i386/jre/lib/ext/localedata.jar
b6506000-b6509000 r--s 0000f000 08:01 20324933   /usr/lib/jvm/java-7-openjdk-i386/jre/lib/ext/pulse-java.jar
b6509000-b652c000 rw-p 00000000 00:00 0 
b652c000-b6564000 rw-p 00000000 00:00 0 
b6564000-b656f000 r-xp 00000000 08:01 12068230   /lib/i386-linux-gnu/libnss_files-2.19.so
b656f000-b6570000 r--p 0000a000 08:01 12068230   /lib/i386-linux-gnu/libnss_files-2.19.so
b6570000-b6571000 rw-p 0000b000 08:01 12068230   /lib/i386-linux-gnu/libnss_files-2.19.so
b6571000-b657b000 r-xp 00000000 08:01 12068233   /lib/i386-linux-gnu/libnss_nis-2.19.so
b657b000-b657c000 r--p 00009000 08:01 12068233   /lib/i386-linux-gnu/libnss_nis-2.19.so
b657c000-b657d000 rw-p 0000a000 08:01 12068233   /lib/i386-linux-gnu/libnss_nis-2.19.so
b657d000-b6592000 r-xp 00000000 08:01 12068227   /lib/i386-linux-gnu/libnsl-2.19.so
b6592000-b6593000 r--p 00015000 08:01 12068227   /lib/i386-linux-gnu/libnsl-2.19.so
b6593000-b6594000 rw-p 00016000 08:01 12068227   /lib/i386-linux-gnu/libnsl-2.19.so
b6594000-b6596000 rw-p 00000000 00:00 0 
b6596000-b659d000 r-xp 00000000 08:01 12068228   /lib/i386-linux-gnu/libnss_compat-2.19.so
b659d000-b659e000 r--p 00006000 08:01 12068228   /lib/i386-linux-gnu/libnss_compat-2.19.so
b659e000-b659f000 rw-p 00007000 08:01 12068228   /lib/i386-linux-gnu/libnss_compat-2.19.so
b659f000-b65a1000 r--s 00012000 08:01 20324931   /usr/lib/jvm/java-7-openjdk-i386/jre/lib/ext/zipfs.jar
b65a1000-b65a3000 r--s 00006000 08:01 20712499   /usr/share/java/java-atk-wrapper.jar
b65a3000-b65ab000 r-xp 00000000 08:01 20324983   /usr/lib/jvm/java-7-openjdk-i386/jre/lib/i386/libzip.so
b65ab000-b65ac000 r--p 00007000 08:01 20324983   /usr/lib/jvm/java-7-openjdk-i386/jre/lib/i386/libzip.so
b65ac000-b65ad000 rw-p 00008000 08:01 20324983   /usr/lib/jvm/java-7-openjdk-i386/jre/lib/i386/libzip.so
b65ad000-b65b5000 rw-s 00000000 08:01 14578554   /tmp/hsperfdata_sandeep/17379
b65b5000-b65dc000 r-xp 00000000 08:01 20324996   /usr/lib/jvm/java-7-openjdk-i386/jre/lib/i386/libjava.so
b65dc000-b65dd000 r--p 00026000 08:01 20324996   /usr/lib/jvm/java-7-openjdk-i386/jre/lib/i386/libjava.so
b65dd000-b65de000 rw-p 00027000 08:01 20324996   /usr/lib/jvm/java-7-openjdk-i386/jre/lib/i386/libjava.so
b65de000-b65e5000 r-xp 00000000 08:01 12068237   /lib/i386-linux-gnu/librt-2.19.so
b65e5000-b65e6000 r--p 00006000 08:01 12068237   /lib/i386-linux-gnu/librt-2.19.so
b65e6000-b65e7000 rw-p 00007000 08:01 12068237   /lib/i386-linux-gnu/librt-2.19.so
b65e7000-b65ea000 ---p 00000000 00:00 0 
b65ea000-b6637000 rw-p 00000000 00:00 0          [stack:17383]
b6637000-b6653000 r-xp 00000000 08:01 12062895   /lib/i386-linux-gnu/libgcc_s.so.1
b6653000-b6654000 rw-p 0001b000 08:01 12062895   /lib/i386-linux-gnu/libgcc_s.so.1
b6654000-b6697000 r-xp 00000000 08:01 12068225   /lib/i386-linux-gnu/libm-2.19.so
b6697000-b6698000 r--p 00042000 08:01 12068225   /lib/i386-linux-gnu/libm-2.19.so
b6698000-b6699000 rw-p 00043000 08:01 12068225   /lib/i386-linux-gnu/libm-2.19.so
b6699000-b6776000 r-xp 00000000 08:01 20191663   /usr/lib/i386-linux-gnu/libstdc++.so.6.0.18
b6776000-b677a000 r--p 000dc000 08:01 20191663   /usr/lib/i386-linux-gnu/libstdc++.so.6.0.18
b677a000-b677b000 rw-p 000e0000 08:01 20191663   /usr/lib/i386-linux-gnu/libstdc++.so.6.0.18
b677b000-b6782000 rw-p 00000000 00:00 0 
b6782000-b714c000 r-xp 00000000 08:01 20325010   /usr/lib/jvm/java-7-openjdk-i386/jre/lib/i386/server/libjvm.so
b714c000-b714d000 ---p 009ca000 08:01 20325010   /usr/lib/jvm/java-7-openjdk-i386/jre/lib/i386/server/libjvm.so
b714d000-b719e000 r--p 009ca000 08:01 20325010   /usr/lib/jvm/java-7-openjdk-i386/jre/lib/i386/server/libjvm.so
b719e000-b71b2000 rw-p 00a1b000 08:01 20325010   /usr/lib/jvm/java-7-openjdk-i386/jre/lib/i386/server/libjvm.so
b71b2000-b75d0000 rw-p 00000000 00:00 0 
b75d0000-b75e8000 r-xp 00000000 08:01 12059732   /lib/i386-linux-gnu/libz.so.1.2.8
b75e8000-b75e9000 r--p 00017000 08:01 12059732   /lib/i386-linux-gnu/libz.so.1.2.8
b75e9000-b75ea000 rw-p 00018000 08:01 12059732   /lib/i386-linux-gnu/libz.so.1.2.8
b75ea000-b7601000 r-xp 00000000 08:01 12068217   /lib/i386-linux-gnu/libpthread-2.19.so
b7601000-b7602000 r--p 00017000 08:01 12068217   /lib/i386-linux-gnu/libpthread-2.19.so
b7602000-b7603000 rw-p 00018000 08:01 12068217   /lib/i386-linux-gnu/libpthread-2.19.so
b7603000-b7605000 rw-p 00000000 00:00 0 
b7605000-b7608000 r-xp 00000000 08:01 12068224   /lib/i386-linux-gnu/libdl-2.19.so
b7608000-b7609000 r--p 00002000 08:01 12068224   /lib/i386-linux-gnu/libdl-2.19.so
b7609000-b760a000 rw-p 00003000 08:01 12068224   /lib/i386-linux-gnu/libdl-2.19.so
b760a000-b7775000 r-xp 00000000 08:01 12068221   /lib/i386-linux-gnu/libc-2.19.so
b7775000-b7777000 r--p 0016b000 08:01 12068221   /lib/i386-linux-gnu/libc-2.19.so
b7777000-b7778000 rw-p 0016d000 08:01 12068221   /lib/i386-linux-gnu/libc-2.19.so
b7778000-b777c000 rw-p 00000000 00:00 0 
b777c000-b777d000 r--s 00002000 08:01 20324929   /usr/lib/jvm/java-7-openjdk-i386/jre/lib/ext/dnsns.jar
b777d000-b7780000 r--s 00032000 08:01 20324927   /usr/lib/jvm/java-7-openjdk-i386/jre/lib/ext/sunjce_provider.jar
b7780000-b7781000 rw-p 00000000 00:00 0 
b7781000-b7782000 ---p 00000000 00:00 0 
b7782000-b7790000 r-xp 00000000 08:01 20325013   /usr/lib/jvm/java-7-openjdk-i386/jre/lib/i386/libverify.so
b7790000-b7791000 r--p 0000d000 08:01 20325013   /usr/lib/jvm/java-7-openjdk-i386/jre/lib/i386/libverify.so
b7791000-b7792000 rw-p 0000e000 08:01 20325013   /usr/lib/jvm/java-7-openjdk-i386/jre/lib/i386/libverify.so
b7792000-b779e000 r-xp 00000000 08:01 20324980   /usr/lib/jvm/java-7-openjdk-i386/jre/lib/i386/jli/libjli.so
b779e000-b779f000 r--p 0000c000 08:01 20324980   /usr/lib/jvm/java-7-openjdk-i386/jre/lib/i386/jli/libjli.so
b779f000-b77a0000 rw-p 0000d000 08:01 20324980   /usr/lib/jvm/java-7-openjdk-i386/jre/lib/i386/jli/libjli.so
b77a0000-b77a2000 rw-p 00000000 00:00 0 
b77a2000-b77a3000 r-xp 00000000 00:00 0          [vdso]
b77a3000-b77c2000 r-xp 00000000 08:01 12068218   /lib/i386-linux-gnu/ld-2.19.so
b77c2000-b77c3000 r--p 0001f000 08:01 12068218   /lib/i386-linux-gnu/ld-2.19.so
b77c3000-b77c4000 rw-p 00020000 08:01 12068218   /lib/i386-linux-gnu/ld-2.19.so
bfde4000-bfe05000 rw-p 00000000 00:00 0          [stack]

VM Arguments:
jvm_args: -Xmx1024M -Dfile.encoding=US-ASCII -Duser.country=US -Duser.language=en -Duser.variant 
java_command: com.android.dx.command.Main --dex --multi-dex --main-dex-list /home/sandeep/neha/studio_workspace/alignd/app/build/intermediates/multi-dex/debug/maindexlist.txt --output /home/sandeep/neha/studio_workspace/alignd/app/build/intermediates/dex/debug /home/sandeep/neha/studio_workspace/alignd/app/build/intermediates/multi-dex/debug/allclasses.jar
Launcher Type: SUN_STANDARD

Environment Variables:
PATH=/usr/local/sbin:/usr/local/bin:/usr/sbin:/usr/bin:/sbin:/bin:/usr/games:/usr/local/games
USERNAME=sandeep
LD_LIBRARY_PATH=/home/sandeep/neha/androidStudio/android-studio (2)/bin:
SHELL=/bin/bash
DISPLAY=:0.0

Signal Handlers:
SIGSEGV: [libjvm.so+0x7ecf40], sa_mask[0]=0x7ffbfeff, sa_flags=0x10000004
SIGBUS: [libjvm.so+0x7ecf40], sa_mask[0]=0x7ffbfeff, sa_flags=0x10000004
SIGFPE: [libjvm.so+0x66abf0], sa_mask[0]=0x7ffbfeff, sa_flags=0x10000004
SIGPIPE: [libjvm.so+0x66abf0], sa_mask[0]=0x7ffbfeff, sa_flags=0x10000004
SIGXFSZ: [libjvm.so+0x66abf0], sa_mask[0]=0x7ffbfeff, sa_flags=0x10000004
SIGILL: [libjvm.so+0x66abf0], sa_mask[0]=0x7ffbfeff, sa_flags=0x10000004
SIGUSR1: SIG_DFL, sa_mask[0]=0x00000000, sa_flags=0x00000000
SIGUSR2: [libjvm.so+0x66aa80], sa_mask[0]=0x00000004, sa_flags=0x10000004
SIGHUP: [libjvm.so+0x66acb0], sa_mask[0]=0x7ffbfeff, sa_flags=0x10000004
SIGINT: [libjvm.so+0x66acb0], sa_mask[0]=0x7ffbfeff, sa_flags=0x10000004
SIGTERM: [libjvm.so+0x66acb0], sa_mask[0]=0x7ffbfeff, sa_flags=0x10000004
SIGQUIT: [libjvm.so+0x66acb0], sa_mask[0]=0x7ffbfeff, sa_flags=0x10000004


---------------  S Y S T E M  ---------------

OS:LinuxMint 16 (petra)
uname:Linux 3.11.0-12-generic #19-Ubuntu SMP Wed Oct 9 16:12:00 UTC 2013 i686
libc:glibc 2.19 NPTL 2.19 
rlimit: STACK 8192k, CORE 0k, NPROC 30707, NOFILE 4096, AS infinity
load average:9.71 3.93 2.36

/proc/meminfo:
MemTotal:        3956328 kB
MemFree:          177920 kB
Buffers:            1212 kB
Cached:           234712 kB
SwapCached:        16176 kB
Active:          2717688 kB
Inactive:         957164 kB
Active(anon):    2716092 kB
Inactive(anon):   908888 kB
Active(file):       1596 kB
Inactive(file):    48276 kB
Unevictable:         368 kB
Mlocked:             368 kB
HighTotal:       3100104 kB
HighFree:          14000 kB
LowTotal:         856224 kB
LowFree:          163920 kB
SwapTotal:       1980412 kB
SwapFree:              0 kB
Dirty:               116 kB
Writeback:            24 kB
AnonPages:       3425300 kB
Mapped:            33588 kB
Shmem:            186168 kB
Slab:              51716 kB
SReclaimable:      28528 kB
SUnreclaim:        23188 kB
KernelStack:        6168 kB
PageTables:        25600 kB
NFS_Unstable:          0 kB
Bounce:               72 kB
WritebackTmp:          0 kB
CommitLimit:     3958576 kB
Committed_AS:    9915620 kB
VmallocTotal:     122880 kB
VmallocUsed:       14732 kB
VmallocChunk:     106756 kB
HardwareCorrupted:     0 kB
AnonHugePages:         0 kB
HugePages_Total:       0
HugePages_Free:        0
HugePages_Rsvd:        0
HugePages_Surp:        0
Hugepagesize:       2048 kB
DirectMap4k:       12280 kB
DirectMap2M:      901120 kB


CPU:total 4 (2 cores per cpu, 2 threads per core) family 6 model 37 stepping 5, cmov, cx8, fxsr, mmx, sse, sse2, sse3, ssse3, sse4.1, sse4.2, popcnt, ht, tsc, tscinvbit

/proc/cpuinfo:
processor	: 0
vendor_id	: GenuineIntel
cpu family	: 6
model		: 37
model name	: Intel(R) Core(TM) i3 CPU         540  @ 3.07GHz
stepping	: 5
microcode	: 0x2
cpu MHz		: 1467.000
cache size	: 4096 KB
physical id	: 0
siblings	: 4
core id		: 0
cpu cores	: 2
apicid		: 0
initial apicid	: 0
fdiv_bug	: no
f00f_bug	: no
coma_bug	: no
fpu		: yes
fpu_exception	: yes
cpuid level	: 11
wp		: yes
flags		: fpu vme de pse tsc msr pae mce cx8 apic sep mtrr pge mca cmov pat pse36 clflush dts acpi mmx fxsr sse sse2 ss ht tm pbe nx rdtscp lm constant_tsc arch_perfmon pebs bts xtopology nonstop_tsc aperfmperf pni dtes64 monitor ds_cpl vmx est tm2 ssse3 cx16 xtpr pdcm pcid sse4_1 sse4_2 popcnt lahf_lm arat dtherm tpr_shadow vnmi flexpriority ept vpid
bogomips	: 6132.89
clflush size	: 64
cache_alignment	: 64
address sizes	: 36 bits physical, 48 bits virtual
power management:

processor	: 1
vendor_id	: GenuineIntel
cpu family	: 6
model		: 37
model name	: Intel(R) Core(TM) i3 CPU         540  @ 3.07GHz
stepping	: 5
microcode	: 0x2
cpu MHz		: 1467.000
cache size	: 4096 KB
physical id	: 0
siblings	: 4
core id		: 2
cpu cores	: 2
apicid		: 4
initial apicid	: 4
fdiv_bug	: no
f00f_bug	: no
coma_bug	: no
fpu		: yes
fpu_exception	: yes
cpuid level	: 11
wp		: yes
flags		: fpu vme de pse tsc msr pae mce cx8 apic sep mtrr pge mca cmov pat pse36 clflush dts acpi mmx fxsr sse sse2 ss ht tm pbe nx rdtscp lm constant_tsc arch_perfmon pebs bts xtopology nonstop_tsc aperfmperf pni dtes64 monitor ds_cpl vmx est tm2 ssse3 cx16 xtpr pdcm pcid sse4_1 sse4_2 popcnt lahf_lm arat dtherm tpr_shadow vnmi flexpriority ept vpid
bogomips	: 6132.89
clflush size	: 64
cache_alignment	: 64
address sizes	: 36 bits physical, 48 bits virtual
power management:

processor	: 2
vendor_id	: GenuineIntel
cpu family	: 6
model		: 37
model name	: Intel(R) Core(TM) i3 CPU         540  @ 3.07GHz
stepping	: 5
microcode	: 0x2
cpu MHz		: 1600.000
cache size	: 4096 KB
physical id	: 0
siblings	: 4
core id		: 0
cpu cores	: 2
apicid		: 1
initial apicid	: 1
fdiv_bug	: no
f00f_bug	: no
coma_bug	: no
fpu		: yes
fpu_exception	: yes
cpuid level	: 11
wp		: yes
flags		: fpu vme de pse tsc msr pae mce cx8 apic sep mtrr pge mca cmov pat pse36 clflush dts acpi mmx fxsr sse sse2 ss ht tm pbe nx rdtscp lm constant_tsc arch_perfmon pebs bts xtopology nonstop_tsc aperfmperf pni dtes64 monitor ds_cpl vmx est tm2 ssse3 cx16 xtpr pdcm pcid sse4_1 sse4_2 popcnt lahf_lm arat dtherm tpr_shadow vnmi flexpriority ept vpid
bogomips	: 6132.89
clflush size	: 64
cache_alignment	: 64
address sizes	: 36 bits physical, 48 bits virtual
power management:

processor	: 3
vendor_id	: GenuineIntel
cpu family	: 6
model		: 37
model name	: Intel(R) Core(TM) i3 CPU         540  @ 3.07GHz
stepping	: 5
microcode	: 0x2
cpu MHz		: 1200.000
cache size	: 4096 KB
physical id	: 0
siblings	: 4
core id		: 2
cpu cores	: 2
apicid		: 5
initial apicid	: 5
fdiv_bug	: no
f00f_bug	: no
coma_bug	: no
fpu		: yes
fpu_exception	: yes
cpuid level	: 11
wp		: yes
flags		: fpu vme de pse tsc msr pae mce cx8 apic sep mtrr pge mca cmov pat pse36 clflush dts acpi mmx fxsr sse sse2 ss ht tm pbe nx rdtscp lm constant_tsc arch_perfmon pebs bts xtopology nonstop_tsc aperfmperf pni dtes64 monitor ds_cpl vmx est tm2 ssse3 cx16 xtpr pdcm pcid sse4_1 sse4_2 popcnt lahf_lm arat dtherm tpr_shadow vnmi flexpriority ept vpid
bogomips	: 6132.89
clflush size	: 64
cache_alignment	: 64
address sizes	: 36 bits physical, 48 bits virtual
power management:



Memory: 4k page, physical 3956328k(177920k free), swap 1980412k(0k free)

vm_info: OpenJDK Server VM (24.51-b03) for linux-x86 JRE (1.7.0_55-b14), built on Apr 17 2014 21:15:58 by "buildd" with gcc 4.8.1

time: Thu Jan  7 16:51:12 2016
elapsed time: 87 seconds

